#
# A fatal error has been detected by the Java Runtime Environment:
#
#  EXCEPTION_ACCESS_VIOLATION (0xc0000005) at pc=0x00007ff9c0e7c0fc, pid=21136, tid=23100
#
# JRE version: Java(TM) SE Runtime Environment (23.0.2+7) (build 23.0.2+7-58)
# Java VM: Java HotSpot(TM) 64-Bit Server VM (23.0.2+7-58, mixed mode, sharing, tiered, compressed oops, compressed class ptrs, g1 gc, windows-amd64)
# Problematic frame:
# C  [awt.dll+0xdc0fc]
#
# No core dump will be written. Minidumps are not enabled by default on client versions of Windows
#
# If you would like to submit a bug report, please visit:
#   https://bugreport.java.com/bugreport/crash.jsp
# The crash happened outside the Java Virtual Machine in native code.
# See problematic frame for where to report the bug.
#

---------------  S U M M A R Y ------------

Command Line: -Dfile.encoding=UTF-8 -Dstdout.encoding=UTF-8 -Dstderr.encoding=UTF-8 --module-path=D:\JAVA\QUANLYLOPHOC\bin;C:\Users\DELL\Downloads\jcalendar-1.4.jar;C:\Users\DELL\Downloads\LGoodDatePicker-11.2.1.jar;C:\Users\DELL\Downloads\postgresql-42.7.5.jar;C:\Users\DELL\Downloads\poi-ooxml-5.2.3.jar;C:\Users\DELL\Downloads\poi-bin-5.2.3-20220909\poi-bin-5.2.3\poi-5.2.3.jar;C:\Users\DELL\Downloads\poi-bin-5.2.3-20220909\poi-bin-5.2.3\poi-examples-5.2.3.jar;C:\Users\DELL\Downloads\poi-bin-5.2.3-20220909\poi-bin-5.2.3\poi-excelant-5.2.3.jar;C:\Users\DELL\Downloads\poi-bin-5.2.3-20220909\poi-bin-5.2.3\poi-javadoc-5.2.3.jar;C:\Users\DELL\Downloads\poi-bin-5.2.3-20220909\poi-bin-5.2.3\poi-ooxml-5.2.3.jar;C:\Users\DELL\Downloads\poi-bin-5.2.3-20220909\poi-bin-5.2.3\poi-ooxml-full-5.2.3.jar;C:\Users\DELL\Downloads\poi-bin-5.2.3-20220909\poi-bin-5.2.3\poi-ooxml-lite-5.2.3.jar;C:\Users\DELL\Downloads\poi-bin-5.2.3-20220909\poi-bin-5.2.3\poi-scratchpad-5.2.3.jar;C:\Users\DELL\Downloads\poi-bin-5.2.3-20220909\poi-bin-5.2.3\auxiliary\batik-constants-1.14.jar;C:\Users\DELL\Downloads\poi-bin-5.2.3-20220909\poi-bin-5.2.3\auxiliary\batik-ext-1.14.jar;C:\Users\DELL\Downloads\poi-bin-5.2.3-20220909\poi-bin-5.2.3\auxiliary\batik-i18n-1.14.jar;C:\Users\DELL\Downloads\poi-bin-5.2.3-20220909\poi-bin-5.2.3\auxiliary\batik-shared-resources-1.14.jar;C:\Users\DELL\Downloads\poi-bin-5.2.3-20220909\poi-bin-5.2.3\auxiliary\batik-util-1.14.jar;C:\Users\DELL\Downloads\poi-bin-5.2.3-20220909\poi-bin-5.2.3\auxiliary\batik-xml-1.14.jar;C:\Users\DELL\Downloads\poi-bin-5.2.3-20220909\poi-bin-5.2.3\auxiliary\bcpkix-jdk15on-1.70.jar;C:\Users\DELL\Downloads\poi-bin-5.2.3-20220909\poi-bin-5.2.3\auxiliary\bcprov-jdk15on-1.70.jar;C:\Users\DELL\Downloads\poi-bin-5.2.3-20220909\poi-bin-5.2.3\auxiliary\bcutil-jdk15on-1.70.jar;C:\Users\DELL\Downloads\poi-bin-5.2.3-20220909\poi-bin-5.2.3\auxiliary\fontbox-2.0.26.jar;C:\Users\DELL\Downloads\poi-bin-5.2.3-20220909\poi-bin-5.2.3\auxiliary\graphics2d-0.40.jar;C:\Users\DELL\Downloads\poi-bin-5.2.3-20220909\poi-bin-5.2.3\auxiliary\pdfbox-2.0.26.-XX:+ShowCodeDetailsInExceptionMessages -Djdk.module.main=QUANLYLOPHOC QUANLYLOPHOC/QuanLyLopHoc.TrangChu

Host: 11th Gen Intel(R) Core(TM) i5-11320H @ 3.20GHz, 8 cores, 15G,  Windows 11 , 64 bit Build 26100 (10.0.26100.3775)
Time: Tue Apr 15 16:09:40 2025 SE Asia Standard Time elapsed time: 783.850767 seconds (0d 0h 13m 3s)

---------------  T H R E A D  ---------------

Current thread (0x000001ab45de8470):  JavaThread "AWT-Windows" daemon [_thread_in_native, id=23100, stack(0x0000004051700000,0x0000004051800000) (1024K)]

Stack: [0x0000004051700000,0x0000004051800000],  sp=0x00000040517fe9b0,  free space=1018k
Native frames: (J=compiled Java code, j=interpreted, Vv=VM code, C=native code)
C  [awt.dll+0xdc0fc]  (no source info available)
C  [awt.dll+0x9788b]  (no source info available)
C  [awt.dll+0x978d6]  (no source info available)
C  [awt.dll+0x94ca6]  (no source info available)
C  [awt.dll+0xe0f7c]  (no source info available)
C  [awt.dll+0xb0d2d]  (no source info available)
C  [awt.dll+0x97e0d]  (no source info available)
C  [USER32.dll+0xb643]  (no source info available)
C  [USER32.dll+0xaf5c]  (no source info available)
C  [awt.dll+0x161c3]  (no source info available)
C  [COMCTL32.dll+0x24d18]  (no source info available)
C  [COMCTL32.dll+0x24aef]  (no source info available)
C  [USER32.dll+0xb643]  (no source info available)
C  [USER32.dll+0x91cd]  (no source info available)
C  [awt.dll+0xd52fe]  (no source info available)
C  [awt.dll+0xd7232]  (no source info available)
C  0x000001ab7020d307  (no source info available)

The last pc belongs to native method entry point (kind = native) (printed below).
Java frames: (J=compiled Java code, j=interpreted, Vv=VM code)
j  sun.awt.windows.WToolkit.eventLoop()V+0 java.desktop@23.0.2
j  sun.awt.windows.WToolkit.run()V+50 java.desktop@23.0.2
j  java.lang.Thread.runWith(Ljava/lang/Object;Ljava/lang/Runnable;)V+5 java.base@23.0.2
j  java.lang.Thread.run()V+19 java.base@23.0.2
v  ~StubRoutines::call_stub 0x000001ab70200fcd

siginfo: EXCEPTION_ACCESS_VIOLATION (0xc0000005), reading address 0x0000000000000004


Registers:
RAX=0x000001ab47f4f030, RBX=0x000001ab45b07340, RCX=0x0000000000000000, RDX=0x0000000000000000
RSP=0x00000040517fe9b0, RBP=0x00000040517feab9, RSI=0x000001ab46bdc240, RDI=0x0000000000000000
R8 =0x0000000000000001, R9 =0x000000404f6bc000, R10=0x0000000000000000, R11=0x0000000000000246
R12=0x0000000000000000, R13=0x0000000000000310, R14=0x0000000000000000, R15=0x0000000000000000
RIP=0x00007ff9c0e7c0fc, EFLAGS=0x0000000000010246


Register to memory mapping:

RAX=0x000001ab47f4f030 points into unknown readable memory: 0x0000000000000000 | 00 00 00 00 00 00 00 00
RBX=0x000001ab45b07340 points into unknown readable memory: 0x000001ab4835bc20 | 20 bc 35 48 ab 01 00 00
RCX=0x0 is null
RDX=0x0 is null
RSP=0x00000040517fe9b0 is pointing into the stack for thread: 0x000001ab45de8470
RBP=0x00000040517feab9 is pointing into the stack for thread: 0x000001ab45de8470
RSI=0x000001ab46bdc240 points into unknown readable memory: 0x00007ff9c0eac860 | 60 c8 ea c0 f9 7f 00 00
RDI=0x0 is null
R8 =0x0000000000000001 is an unknown value
R9 =0x000000404f6bc000 points into unknown readable memory: 0x0000000000000000 | 00 00 00 00 00 00 00 00
R10=0x0 is null
R11=0x0000000000000246 is an unknown value
R12=0x0 is null
R13=0x0000000000000310 is an unknown value
R14=0x0 is null
R15=0x0 is null

Top of Stack: (sp=0x00000040517fe9b0)
0x00000040517fe9b0:   00007ff9c0ed9838 0000000000000000
0x00000040517fe9c0:   0000000000000000 000001ab46bdc240
0x00000040517fe9d0:   0000000000000000 00007ff9c0e3788b
0x00000040517fe9e0:   0000000000000000 000001ab45b07340
0x00000040517fe9f0:   000001ab45b07340 0000000000000000
0x00000040517fea00:   0000000000000000 00007ff9c0e378d6
0x00000040517fea10:   000001ab46bdc240 00007ff9c0da0000
0x00000040517fea20:   00000040517feb18 00007ffa07b54d18
0x00000040517fea30:   0000000000000000 00007ff9c0e34ca6
0x00000040517fea40:   000001ab46bdc240 0000000000000000
0x00000040517fea50:   00007ff9c0e37db0 00007ffa25d1a05e
0x00000040517fea60:   0000000000000000 00007ffa246127a9
0x00000040517fea70:   00000040517feb10 0000000000000001
0x00000040517fea80:   0000000000000000 00000040517feb18
0x00000040517fea90:   0000000000000000 0000000000000000
0x00000040517feaa0:   0000000000000000 000001ab45de8830
0x00000040517feab0:   000001ab46bdc2e0 0000000000000000
0x00000040517feac0:   0000000000000000 000013abadaf6b6a
0x00000040517fead0:   0000000000000000 0000000000000000
0x00000040517feae0:   0000000000000000 0000000000000000
0x00000040517feaf0:   0000000000000000 0000000000000310
0x00000040517feb00:   0000000000000000 000001ab46bdc240
0x00000040517feb10:   000001ab46bdc240 00007ff9c0e80f7c
0x00000040517feb20:   0000000000000000 0000aa3322ed64f3
0x00000040517feb30:   000099b82a5b510f 000000000000c20b
0x00000040517feb40:   0000000000000001 0000000000000022
0x00000040517feb50:   0000000000000000 00007ffa245db706
0x00000040517feb60:   0000000000000022 0000000000020a0c
0x00000040517feb70:   000000000000c20b 00007ffa25cf909f
0x00000040517feb80:   0000000000020a0c 00007ffa245f88ea
0x00000040517feb90:   ffffffffffffffeb 000013abadaf6a0a
0x00000040517feba0:   000001ab5e7e4f00 0000000000000000 

Instructions: (pc=0x00007ff9c0e7c0fc)
0x00007ff9c0e7bffc:   2b fe 66 90 8b 04 0f 89 01 48 8d 49 04 48 83 ea
0x00007ff9c0e7c00c:   01 75 f1 45 85 ff 7e 11 4d 8b c7 33 d2 49 c1 e0
0x00007ff9c0e7c01c:   02 49 8b ce e8 33 0b 01 00 48 8b 03 45 33 c9 4d
0x00007ff9c0e7c02c:   8b c6 48 8b d5 48 8b cb ff 90 f8 06 00 00 48 8b
0x00007ff9c0e7c03c:   03 45 33 c9 4c 8b c6 49 8b d4 48 8b cb ff 90 f8
0x00007ff9c0e7c04c:   06 00 00 4c 8b 05 5a a3 06 00 48 8b cb 48 8b 15
0x00007ff9c0e7c05c:   30 a3 06 00 e8 4b f4 fb ff e9 5d ff ff ff 48 8d
0x00007ff9c0e7c06c:   15 67 49 03 00 48 8b cb e8 3c d6 00 00 e9 58 ff
0x00007ff9c0e7c07c:   ff ff cc cc 48 89 5c 24 08 57 48 83 ec 20 8b f9
0x00007ff9c0e7c08c:   e8 0f bc f4 ff 48 8b d8 48 89 44 24 38 41 b8 01
0x00007ff9c0e7c09c:   00 00 00 8b d7 48 8b c8 e8 77 bb f4 ff 48 8b c8
0x00007ff9c0e7c0ac:   e8 8f fd ff ff 90 48 8b cb e8 a6 bd f4 ff 90 48
0x00007ff9c0e7c0bc:   8b 5c 24 30 48 83 c4 20 5f c3 cc cc cc cc cc cc
0x00007ff9c0e7c0cc:   cc cc cc cc 48 89 5c 24 08 57 48 83 ec 20 8b f9
0x00007ff9c0e7c0dc:   e8 bf bb f4 ff 48 8b d8 48 89 44 24 38 41 b8 01
0x00007ff9c0e7c0ec:   00 00 00 8b d7 48 8b c8 e8 27 bb f4 ff 48 8b 08
0x00007ff9c0e7c0fc:   83 79 04 08 7e 04 33 ff eb 0b 48 8b 48 08 e8 81
0x00007ff9c0e7c10c:   79 fe ff 8b f8 48 8b cb e8 47 bd f4 ff 90 8b c7
0x00007ff9c0e7c11c:   48 8b 5c 24 30 48 83 c4 20 5f c3 cc cc cc cc cc
0x00007ff9c0e7c12c:   cc cc cc cc 48 89 5c 24 08 48 89 74 24 10 48 89
0x00007ff9c0e7c13c:   7c 24 18 41 56 48 83 ec 30 41 8b f9 45 8b f0 48
0x00007ff9c0e7c14c:   8b f2 48 8b d9 e8 3a 8a 00 00 e8 75 ad ff ff 8b
0x00007ff9c0e7c15c:   44 24 68 89 44 24 20 44 8b 4c 24 60 44 8b c7 41
0x00007ff9c0e7c16c:   8b d6 48 8b cb e8 6a e6 ff ff 48 8b f8 48 85 c0
0x00007ff9c0e7c17c:   74 7f 48 8b 03 48 8b d6 48 8b cb ff 90 f8 00 00
0x00007ff9c0e7c18c:   00 48 8b d0 48 8b cb 48 85 c0 75 0e 48 8d 15 c1
0x00007ff9c0e7c19c:   49 03 00 e8 11 d5 00 00 eb 57 48 8b 03 4c 8d 0d
0x00007ff9c0e7c1ac:   d8 49 03 00 4c 8d 05 e9 49 03 00 ff 90 08 01 00
0x00007ff9c0e7c1bc:   00 48 8b cb 48 85 c0 75 1a 48 8b 03 ff 90 88 00
0x00007ff9c0e7c1cc:   00 00 48 8d 15 d3 49 03 00 48 8b cb e8 d8 d4 00
0x00007ff9c0e7c1dc:   00 eb 1e 4c 8b cf 4c 8b c0 48 8b d6 e8 43 df fa
0x00007ff9c0e7c1ec:   ff 48 8b 03 48 8b d7 48 8b cb ff 90 b8 00 00 00 


Stack slot to memory mapping:

stack at sp + 0 slots: 0x00007ff9c0ed9838 awt.dll
stack at sp + 1 slots: 0x0 is null
stack at sp + 2 slots: 0x0 is null
stack at sp + 3 slots: 0x000001ab46bdc240 points into unknown readable memory: 0x00007ff9c0eac860 | 60 c8 ea c0 f9 7f 00 00
stack at sp + 4 slots: 0x0 is null
stack at sp + 5 slots: 0x00007ff9c0e3788b awt.dll
stack at sp + 6 slots: 0x0 is null
stack at sp + 7 slots: 0x000001ab45b07340 points into unknown readable memory: 0x000001ab4835bc20 | 20 bc 35 48 ab 01 00 00

Lock stack of current Java thread (top to bottom):

native method entry point (kind = native)  [0x000001ab7020cee0, 0x000001ab7020db38]  3160 bytes
[MachCode]
  0x000001ab7020cee0: 488b 4b08 | 0fb7 492e | 584c 8d74 | ccf8 6800 | 0000 0068 | 0000 0000 | 5055 488b | ec41 5568 
  0x000001ab7020cf00: 0000 0000 | 4c8b 6b08 | 4d8d 6d38 | 5348 8b53 | 0848 8b52 | 0848 8b52 | 1848 8b52 | 7048 8b12 
  0x000001ab7020cf20: 5248 8b53 | 1048 85d2 | 0f84 0700 | 0000 4881 | c210 0100 | 0052 488b | 5308 488b | 5208 488b 
  0x000001ab7020cf40: 5210 5249 | 8bc6 482b | c548 c1e8 | 0350 6800 | 0000 0068 | f7ff ffff | 41c6 8771 | 0400 0001 
  0x000001ab7020cf60: 488b 4310 | 4885 c074 | 208b 88cc | 0000 0083 | c102 8988 | cc00 0000 | 2388 e000 | 0000 0f84 
  0x000001ab7020cf80: 000b 0000 | e9cf 0000 | 0048 8b43 | 1848 85c0 | 0f85 b000 | 0000 e805 | 0000 00e9 | 9900 0000 
  0x000001ab7020cfa0: 488b d348 | 8d44 2408 | 4c89 6dc0 | 498b cfc5 | f877 4989 | afb0 0300 | 0049 8987 | a003 0000 
  0x000001ab7020cfc0: 4883 ec20 | 40f6 c40f | 0f84 1900 | 0000 4883 | ec08 48b8 | 8028 d37e | f97f 0000 | ffd0 4883 
  0x000001ab7020cfe0: c408 e90c | 0000 0048 | b880 28d3 | 7ef9 7f00 | 00ff d048 | 83c4 2049 | c787 a003 | 0000 0000 
  0x000001ab7020d000: 0000 49c7 | 87b0 0300 | 0000 0000 | 0049 c787 | a803 0000 | 0000 0000 | c5f8 7749 | 837f 0800 
  0x000001ab7020d020: 0f84 0500 | 0000 e995 | 3eff ff4c | 8b6d c04c | 8b75 c84e | 8d74 f500 | c348 8b43 | 1848 85c0 
  0x000001ab7020d040: 0f84 1200 | 0000 8b48 | 0883 c102 | 8948 0823 | 481c 0f84 | 2c0a 0000 | 493b a7e8 | 0400 000f 
  0x000001ab7020d060: 8748 0000 | 0089 8424 | 00f0 ffff | 8984 2400 | e0ff ff89 | 8424 00d0 | ffff 8984 | 2400 c0ff 
  0x000001ab7020d080: ff89 8424 | 00b0 ffff | 8984 2400 | a0ff ff89 | 8424 0090 | ffff 8984 | 2400 80ff | ff49 3ba7 
  0x000001ab7020d0a0: e004 0000 | 7607 4989 | a7e8 0400 | 0041 c687 | 7104 0000 | 0049 ba41 | bd5a 7ff9 | 7f00 0041 
  0x000001ab7020d0c0: 803a 000f | 843e 0000 | 0048 8b55 | e849 8bcf | 4883 ec20 | 40f6 c40f | 0f84 1900 | 0000 4883 
  0x000001ab7020d0e0: ec08 48b8 | f0f0 0a7f | f97f 0000 | ffd0 4883 | c408 e90c | 0000 0048 | b8f0 f00a | 7ff9 7f00 
  0x000001ab7020d100: 00ff d048 | 83c4 2048 | 8b5d e84c | 8b5b 0845 | 0fb7 5b2e | 41c1 e303 | 492b e348 | 83ec 2048 
  0x000001ab7020d120: 83e4 f04c | 8b5b 604d | 85db 0f85 | ab00 0000 | e805 0000 | 00e9 9900 | 0000 488b | d348 8d44 
  0x000001ab7020d140: 2408 4c89 | 6dc0 498b | cfc5 f877 | 4989 afb0 | 0300 0049 | 8987 a003 | 0000 4883 | ec20 40f6 
  0x000001ab7020d160: c40f 0f84 | 1900 0000 | 4883 ec08 | 48b8 e04f | d37e f97f | 0000 ffd0 | 4883 c408 | e90c 0000 
  0x000001ab7020d180: 0048 b8e0 | 4fd3 7ef9 | 7f00 00ff | d048 83c4 | 2049 c787 | a003 0000 | 0000 0000 | 49c7 87b0 
  0x000001ab7020d1a0: 0300 0000 | 0000 0049 | c787 a803 | 0000 0000 | 0000 c5f8 | 7749 837f | 0800 0f84 | 0500 0000 
  0x000001ab7020d1c0: e9fb 3cff | ff4c 8b6d | c04c 8b75 | c84e 8d74 | f500 c348 | 8b5d e84c | 8b5b 6041 | ffd3 488b 
  0x000001ab7020d1e0: 5de8 4889 | 4518 448b | 5b28 41f6 | c308 0f84 | 1b00 0000 | 4c8b 5b08 | 4d8b 5b08 | 4d8b 5b18 
  0x000001ab7020d200: 4d8b 5b70 | 4d8b 1b4c | 895d 1048 | 8d55 1048 | 8b43 5849 | ba40 3f0b | 7ff9 7f00 | 0049 3bc2 
  0x000001ab7020d220: 0f85 ab00 | 0000 e805 | 0000 00e9 | 9900 0000 | 488b d348 | 8d44 2408 | 4c89 6dc0 | 498b cfc5 
  0x000001ab7020d240: f877 4989 | afb0 0300 | 0049 8987 | a003 0000 | 4883 ec20 | 40f6 c40f | 0f84 1900 | 0000 4883 
  0x000001ab7020d260: ec08 48b8 | e04f d37e | f97f 0000 | ffd0 4883 | c408 e90c | 0000 0048 | b8e0 4fd3 | 7ef9 7f00 
  0x000001ab7020d280: 00ff d048 | 83c4 2049 | c787 a003 | 0000 0000 | 0000 49c7 | 87b0 0300 | 0000 0000 | 0049 c787 
  0x000001ab7020d2a0: a803 0000 | 0000 0000 | c5f8 7749 | 837f 0800 | 0f84 0500 | 0000 e905 | 3cff ff4c | 8b6d c04c 
  0x000001ab7020d2c0: 8b75 c84e | 8d74 f500 | c348 8b5d | e848 8b43 | 5849 8d8f | c003 0000 | c5f8 7749 | 89af b003 
  0x000001ab7020d2e0: 0000 49ba | d8d2 2070 | ab01 0000 | 4d89 97a8 | 0300 0049 | 89a7 a003 | 0000 41c7 | 8744 0400 
  0x000001ab7020d300: 0004 0000 | 00ff d0c5 | f877 4883 | ec10 c5fb | 1104 2448 | 83ec 1048 | 8904 2448 | c744 2408 
  0x000001ab7020d320: 0000 0000 | 41c7 8744 | 0400 0005 | 0000 00f0 | 8344 24c0 | 0049 3baf | 4804 0000 | 0f87 0e00 
  0x000001ab7020d340: 0000 4183 | bf40 0400 | 0000 0f84 | 2000 0000 | 498b cf4c | 8be4 4883 | ec20 4883 | e4f0 48b8 
  0x000001ab7020d360: 80ab d47e | f97f 0000 | ffd0 498b | e44d 33e4 | 41c7 8744 | 0400 0008 | 0000 0049 | c787 a003 
  0x000001ab7020d380: 0000 0000 | 0000 49c7 | 87b0 0300 | 0000 0000 | 0049 c787 | a803 0000 | 0000 0000 | c5f8 774d 
  0x000001ab7020d3a0: 8b9f 3004 | 0000 41c7 | 8300 0100 | 0000 0000 | 0049 bbda | a520 70ab | 0100 004c | 3b5d 180f 
  0x000001ab7020d3c0: 8524 0300 | 0048 8b04 | 2448 83c4 | 1048 85c0 | 0f84 fe02 | 0000 a803 | 0f85 0800 | 0000 488b 
  0x000001ab7020d3e0: 00e9 ee02 | 0000 a801 | 0f85 0900 | 0000 488b | 40fe e9dd | 0200 0048 | 8b40 ff41 | 807f 3800 
  0x000001ab7020d400: 0f84 ce02 | 0000 4883 | f800 0f84 | c402 0000 | 4d8b 5f28 | 4983 fb00 | 0f84 1400 | 0000 4983 
  0x000001ab7020d420: eb08 4d89 | 5f28 4d03 | 5f30 4989 | 03e9 a202 | 0000 4881 | ec50 0100 | 0048 8904 | 2448 894c 
  0x000001ab7020d440: 2408 4889 | 5424 1048 | 8974 2418 | 4889 7c24 | 204c 8944 | 2428 4c89 | 4c24 304c | 8954 2438 
  0x000001ab7020d460: 4c89 5c24 | 40c5 fb11 | 4424 50c5 | fb11 4c24 | 58c5 fb11 | 5424 60c5 | fb11 5c24 | 68c5 fb11 
  0x000001ab7020d480: 6424 70c5 | fb11 6c24 | 78c5 fb11 | b424 8000 | 0000 c5fb | 11bc 2488 | 0000 00c5 | 7b11 8424 
  0x000001ab7020d4a0: 9000 0000 | c57b 118c | 2498 0000 | 00c5 7b11 | 9424 a000 | 0000 c57b | 119c 24a8 | 0000 00c5 
  0x000001ab7020d4c0: 7b11 a424 | b000 0000 | c57b 11ac | 24b8 0000 | 00c5 7b11 | b424 c000 | 0000 c57b | 11bc 24c8 
  0x000001ab7020d4e0: 0000 0062 | e1ff 0811 | 4424 1a62 | e1ff 0811 | 4c24 1b62 | e1ff 0811 | 5424 1c62 | e1ff 0811 
  0x000001ab7020d500: 5c24 1d62 | e1ff 0811 | 6424 1e62 | e1ff 0811 | 6c24 1f62 | e1ff 0811 | 7424 2062 | e1ff 0811 
  0x000001ab7020d520: 7c24 2162 | 61ff 0811 | 4424 2262 | 61ff 0811 | 4c24 2362 | 61ff 0811 | 5424 2462 | 61ff 0811 
  0x000001ab7020d540: 5c24 2562 | 61ff 0811 | 6424 2662 | 61ff 0811 | 6c24 2762 | 61ff 0811 | 7424 2862 | 61ff 0811 
  0x000001ab7020d560: 7c24 2949 | 8bd7 488b | c848 83ec | 2040 f6c4 | 0f0f 8419 | 0000 0048 | 83ec 0848 | b800 09c8 
  0x000001ab7020d580: 7ef9 7f00 | 00ff d048 | 83c4 08e9 | 0c00 0000 | 48b8 0009 | c87e f97f | 0000 ffd0 | 4883 c420 
  0x000001ab7020d5a0: 6261 ff08 | 107c 2429 | 6261 ff08 | 1074 2428 | 6261 ff08 | 106c 2427 | 6261 ff08 | 1064 2426 
  0x000001ab7020d5c0: 6261 ff08 | 105c 2425 | 6261 ff08 | 1054 2424 | 6261 ff08 | 104c 2423 | 6261 ff08 | 1044 2422 
  0x000001ab7020d5e0: 62e1 ff08 | 107c 2421 | 62e1 ff08 | 1074 2420 | 62e1 ff08 | 106c 241f | 62e1 ff08 | 1064 241e 
  0x000001ab7020d600: 62e1 ff08 | 105c 241d | 62e1 ff08 | 1054 241c | 62e1 ff08 | 104c 241b | 62e1 ff08 | 1044 241a 
  0x000001ab7020d620: c57b 10bc | 24c8 0000 | 00c5 7b10 | b424 c000 | 0000 c57b | 10ac 24b8 | 0000 00c5 | 7b10 a424 
  0x000001ab7020d640: b000 0000 | c57b 109c | 24a8 0000 | 00c5 7b10 | 9424 a000 | 0000 c57b | 108c 2498 | 0000 00c5 
  0x000001ab7020d660: 7b10 8424 | 9000 0000 | c5fb 10bc | 2488 0000 | 00c5 fb10 | b424 8000 | 0000 c5fb | 106c 2478 
  0x000001ab7020d680: c5fb 1064 | 2470 c5fb | 105c 2468 | c5fb 1054 | 2460 c5fb | 104c 2458 | c5fb 1044 | 2450 4c8b 
  0x000001ab7020d6a0: 5c24 404c | 8b54 2438 | 4c8b 4c24 | 304c 8b44 | 2428 488b | 7c24 2048 | 8b74 2418 | 488b 5424 
  0x000001ab7020d6c0: 1048 8b4c | 2408 488b | 0424 4881 | c450 0100 | 00c5 f877 | 4889 4510 | 4883 ec10 | 4889 0424 
  0x000001ab7020d6e0: 48c7 4424 | 0800 0000 | 0041 83bf | c804 0000 | 020f 85bf | 0000 0048 | 81ec 8000 | 0000 4889 
  0x000001ab7020d700: 4424 7848 | 894c 2470 | 4889 5424 | 6848 895c | 2460 4889 | 6c24 5048 | 8974 2448 | 4889 7c24 
  0x000001ab7020d720: 404c 8944 | 2438 4c89 | 4c24 304c | 8954 2428 | 4c89 5c24 | 204c 8964 | 2418 4c89 | 6c24 104c 
  0x000001ab7020d740: 8974 2408 | 4c89 3c24 | 4c8b e448 | 83ec 2048 | 83e4 f048 | b8a0 250b | 7ff9 7f00 | 00ff d049 
  0x000001ab7020d760: 8be4 4c8b | 3c24 4c8b | 7424 084c | 8b6c 2410 | 4c8b 6424 | 184c 8b5c | 2420 4c8b | 5424 284c 
  0x000001ab7020d780: 8b4c 2430 | 4c8b 4424 | 3848 8b7c | 2440 488b | 7424 4848 | 8b6c 2450 | 488b 5c24 | 6048 8b54 
  0x000001ab7020d7a0: 2468 488b | 4c24 7048 | 8b44 2478 | 4881 c480 | 0000 004d | 33e4 488b | 5de8 4c8b | 6b08 4d8d 
  0x000001ab7020d7c0: 6d38 4983 | 7f08 000f | 84bb 0000 | 00e8 0500 | 0000 e996 | 0000 0048 | 8d44 2408 | 4c89 6dc0 
  0x000001ab7020d7e0: 498b cfc5 | f877 4989 | afb0 0300 | 0049 8987 | a003 0000 | 4883 ec20 | 40f6 c40f | 0f84 1900 
  0x000001ab7020d800: 0000 4883 | ec08 48b8 | f06d d37e | f97f 0000 | ffd0 4883 | c408 e90c | 0000 0048 | b8f0 6dd3 
  0x000001ab7020d820: 7ef9 7f00 | 00ff d048 | 83c4 2049 | c787 a003 | 0000 0000 | 0000 49c7 | 87b0 0300 | 0000 0000 
  0x000001ab7020d840: 0049 c787 | a803 0000 | 0000 0000 | c5f8 7749 | 837f 0800 | 0f84 0500 | 0000 e961 | 36ff ff4c 
  0x000001ab7020d860: 8b6d c04c | 8b75 c84e | 8d74 f500 | c348 b940 | e532 7ff9 | 7f00 0048 | 83e4 f048 | b850 4df9 
  0x000001ab7020d880: 7ef9 7f00 | 00ff d0f4 | 448b 5b28 | 41f6 c320 | 0f84 7901 | 0000 488d | 55a8 4c8b | 5a08 4d85 
  0x000001ab7020d8a0: db0f 85bb | 0000 00e8 | 0500 0000 | e996 0000 | 0048 8d44 | 2408 4c89 | 6dc0 498b | cfc5 f877 
  0x000001ab7020d8c0: 4989 afb0 | 0300 0049 | 8987 a003 | 0000 4883 | ec20 40f6 | c40f 0f84 | 1900 0000 | 4883 ec08 
  0x000001ab7020d8e0: 48b8 206d | d37e f97f | 0000 ffd0 | 4883 c408 | e90c 0000 | 0048 b820 | 6dd3 7ef9 | 7f00 00ff 
  0x000001ab7020d900: d048 83c4 | 2049 c787 | a003 0000 | 0000 0000 | 49c7 87b0 | 0300 0000 | 0000 0049 | c787 a803 
  0x000001ab7020d920: 0000 0000 | 0000 c5f8 | 7749 837f | 0800 0f84 | 0500 0000 | e987 35ff | ff4c 8b6d | c04c 8b75 
  0x000001ab7020d940: c84e 8d74 | f500 c348 | b940 e532 | 7ff9 7f00 | 0048 83e4 | f048 b850 | 4df9 7ef9 | 7f00 00ff 
  0x000001ab7020d960: d0f4 4c89 | 6dc0 4c8b | 4a08 48c7 | 4208 0000 | 0000 458b | 8718 0600 | 004f 3b4c | 07f8 0f85 
  0x000001ab7020d980: 4900 0000 | 4183 af18 | 0600 0008 | 4f3b 4c07 | f00f 842a | 0000 0049 | 8b01 a802 | 0f85 1200 
  0x000001ab7020d9a0: 0000 4c8b | c049 83c8 | 01f0 4d0f | b101 0f84 | 0d00 0000 | 4183 8718 | 0600 0008 | e90c 0000 
  0x000001ab7020d9c0: 0049 ff8f | 5005 0000 | e93e 0000 | 004c 894a | 0848 8bca | 4883 ec20 | 40f6 c40f | 0f84 1900 
  0x000001ab7020d9e0: 0000 4883 | ec08 48b8 | e03f d37e | f97f 0000 | ffd0 4883 | c408 e90c | 0000 0048 | b8e0 3fd3 
  0x000001ab7020da00: 7ef9 7f00 | 00ff d048 | 83c4 204c | 8b6d c049 | ba41 bd5a | 7ff9 7f00 | 0041 803a | 000f 843e 
  0x000001ab7020da20: 0000 0048 | 8b55 e849 | 8bcf 4883 | ec20 40f6 | c40f 0f84 | 1900 0000 | 4883 ec08 | 48b8 f0f0 
  0x000001ab7020da40: 0a7f f97f | 0000 ffd0 | 4883 c408 | e90c 0000 | 0048 b8f0 | f00a 7ff9 | 7f00 00ff | d048 83c4 
  0x000001ab7020da60: 2048 8b04 | 2448 83c4 | 10c5 fb10 | 0424 4883 | c410 4c8b | 5d18 41ff | d34c 8b5d | f8c9 5f49 
  0x000001ab7020da80: 8be3 ffe7 | ba00 0000 | 00e8 0500 | 0000 e996 | 0000 0048 | 8d44 2408 | 4c89 6dc0 | 498b cfc5 
  0x000001ab7020daa0: f877 4989 | afb0 0300 | 0049 8987 | a003 0000 | 4883 ec20 | 40f6 c40f | 0f84 1900 | 0000 4883 
  0x000001ab7020dac0: ec08 48b8 | 9033 d37e | f97f 0000 | ffd0 4883 | c408 e90c | 0000 0048 | b890 33d3 | 7ef9 7f00 
  0x000001ab7020dae0: 00ff d048 | 83c4 2049 | c787 a003 | 0000 0000 | 0000 49c7 | 87b0 0300 | 0000 0000 | 0049 c787 
  0x000001ab7020db00: a803 0000 | 0000 0000 | c5f8 7749 | 837f 0800 | 0f84 0500 | 0000 e9a5 | 33ff ff4c | 8b6d c04c 
  0x000001ab7020db20: 8b75 c84e | 8d74 f500 | c348 8b5d | e8e9 26f5 | ffff 660f | 1f44 0000 
[/MachCode]

---------------  P R O C E S S  ---------------

Threads class SMR info:
_java_thread_list=0x000001ab45334880, length=16, elements={
0x000001ab7f8ff170, 0x000001ab7f900be0, 0x000001ab7f908b70, 0x000001ab7f9096c0,
0x000001ab7f90af30, 0x000001ab7f90c7a0, 0x000001ab7f91bb30, 0x000001ab450315c0,
0x000001ab450fb810, 0x000001ab45d117d0, 0x000001ab45de2a60, 0x000001ab45de74f0,
0x000001ab45de8470, 0x000001ab45b27090, 0x000001ab5e1345a0, 0x000001ab47c67d20
}

Java Threads: ( => current thread )
  0x000001ab7f8ff170 JavaThread "Reference Handler"          daemon [_thread_blocked, id=15092, stack(0x0000004050400000,0x0000004050500000) (1024K)]
  0x000001ab7f900be0 JavaThread "Finalizer"                  daemon [_thread_blocked, id=18504, stack(0x0000004050500000,0x0000004050600000) (1024K)]
  0x000001ab7f908b70 JavaThread "Signal Dispatcher"          daemon [_thread_blocked, id=11480, stack(0x0000004050600000,0x0000004050700000) (1024K)]
  0x000001ab7f9096c0 JavaThread "Attach Listener"            daemon [_thread_blocked, id=7900, stack(0x0000004050700000,0x0000004050800000) (1024K)]
  0x000001ab7f90af30 JavaThread "Service Thread"             daemon [_thread_blocked, id=3992, stack(0x0000004050800000,0x0000004050900000) (1024K)]
  0x000001ab7f90c7a0 JavaThread "Monitor Deflation Thread"   daemon [_thread_blocked, id=1284, stack(0x0000004050900000,0x0000004050a00000) (1024K)]
  0x000001ab7f91bb30 JavaThread "C2 CompilerThread0"         daemon [_thread_blocked, id=12080, stack(0x0000004050a00000,0x0000004050b00000) (1024K)]
  0x000001ab450315c0 JavaThread "C1 CompilerThread0"         daemon [_thread_blocked, id=20748, stack(0x0000004050b00000,0x0000004050c00000) (1024K)]
  0x000001ab450fb810 JavaThread "Common-Cleaner"             daemon [_thread_blocked, id=6384, stack(0x0000004050c00000,0x0000004050d00000) (1024K)]
  0x000001ab45d117d0 JavaThread "Notification Thread"        daemon [_thread_blocked, id=11108, stack(0x0000004051400000,0x0000004051500000) (1024K)]
  0x000001ab45de2a60 JavaThread "Java2D Disposer"            daemon [_thread_blocked, id=11532, stack(0x0000004051500000,0x0000004051600000) (1024K)]
  0x000001ab45de74f0 JavaThread "AWT-Shutdown"                      [_thread_blocked, id=17224, stack(0x0000004051600000,0x0000004051700000) (1024K)]
=>0x000001ab45de8470 JavaThread "AWT-Windows"                daemon [_thread_in_native, id=23100, stack(0x0000004051700000,0x0000004051800000) (1024K)]
  0x000001ab45b27090 JavaThread "AWT-EventQueue-0"                  [_thread_in_native, id=17500, stack(0x0000004051800000,0x0000004051900000) (1024K)]
  0x000001ab5e1345a0 JavaThread "DestroyJavaVM"                     [_thread_blocked, id=1668, stack(0x000000404fc00000,0x000000404fd00000) (1024K)]
  0x000001ab47c67d20 JavaThread "TimerQueue"                 daemon [_thread_blocked, id=16416, stack(0x0000004052100000,0x0000004052200000) (1024K)]
Total: 16

Other Threads:
  0x000001ab7f8e54b0 VMThread "VM Thread"                           [id=1860, stack(0x0000004050300000,0x0000004050400000) (1024K)]
  0x000001ab7f8cc360 WatcherThread "VM Periodic Task Thread"        [id=17424, stack(0x0000004050200000,0x0000004050300000) (1024K)]
  0x000001ab605f7120 WorkerThread "GC Thread#0"                     [id=20644, stack(0x000000404fd00000,0x000000404fe00000) (1024K)]
  0x000001ab455f5eb0 WorkerThread "GC Thread#1"                     [id=15252, stack(0x0000004050f00000,0x0000004051000000) (1024K)]
  0x000001ab455f6260 WorkerThread "GC Thread#2"                     [id=20400, stack(0x0000004051000000,0x0000004051100000) (1024K)]
  0x000001ab45c9dd10 WorkerThread "GC Thread#3"                     [id=22036, stack(0x0000004051100000,0x0000004051200000) (1024K)]
  0x000001ab45c9e0c0 WorkerThread "GC Thread#4"                     [id=12028, stack(0x0000004051200000,0x0000004051300000) (1024K)]
  0x000001ab45c9e470 WorkerThread "GC Thread#5"                     [id=23308, stack(0x0000004051300000,0x0000004051400000) (1024K)]
  0x000001ab4567ddc0 WorkerThread "GC Thread#6"                     [id=21844, stack(0x0000004051b00000,0x0000004051c00000) (1024K)]
  0x000001ab4567e170 WorkerThread "GC Thread#7"                     [id=9556, stack(0x0000004051c00000,0x0000004051d00000) (1024K)]
  0x000001ab6060d330 ConcurrentGCThread "G1 Main Marker"            [id=17928, stack(0x000000404fe00000,0x000000404ff00000) (1024K)]
  0x000001ab6060fe50 WorkerThread "G1 Conc#0"                       [id=23792, stack(0x000000404ff00000,0x0000004050000000) (1024K)]
  0x000001ab460a7b60 WorkerThread "G1 Conc#1"                       [id=11740, stack(0x0000004050d00000,0x0000004050e00000) (1024K)]
  0x000001ab6064eb90 ConcurrentGCThread "G1 Refine#0"               [id=18700, stack(0x0000004050000000,0x0000004050100000) (1024K)]
  0x000001ab7f79b920 ConcurrentGCThread "G1 Service"                [id=14620, stack(0x0000004050100000,0x0000004050200000) (1024K)]
Total: 15

Threads with active compile tasks:
Total: 0

VM state: not at safepoint (normal execution)

VM Mutex/Monitor currently owned by a thread: None

Heap address: 0x0000000704000000, size: 4032 MB, Compressed Oops mode: Zero based, Oop shift amount: 3

CDS archive(s) mapped at: [0x000001ab00000000-0x000001ab00d70000-0x000001ab00d70000), size 14090240, SharedBaseAddress: 0x000001ab00000000, ArchiveRelocationMode: 1.
Compressed class space mapped at: 0x000001ab01000000-0x000001ab41000000, reserved size: 1073741824
Narrow klass base: 0x000001ab00000000, Narrow klass shift: 0, Narrow klass range: 0x41000000

GC Precious Log:
 CardTable entry size: 512
 Card Set container configuration: InlinePtr #cards 4 size 8 Array Of Cards #cards 16 size 48 Howl #buckets 8 coarsen threshold 3686 Howl Bitmap #cards 512 size 80 coarsen threshold 460 Card regions per heap region 1 cards per card region 4096
 CPUs: 8 total, 8 available
 Memory: 16122M
 Large Page Support: Disabled
 NUMA Support: Disabled
 Compressed Oops: Enabled (Zero based)
 Heap Region Size: 2M
 Heap Min Capacity: 8M
 Heap Initial Capacity: 252M
 Heap Max Capacity: 4032M
 Pre-touch: Disabled
 Parallel Workers: 8
 Concurrent Workers: 2
 Concurrent Refinement Workers: 8
 Periodic GC: Disabled

Heap:
 garbage-first heap   total reserved 4128768K, committed 258048K, used 94490K [0x0000000704000000, 0x0000000800000000)
  region size 2048K, 9 young (18432K), 5 survivors (10240K)
 Metaspace       used 22178K, committed 22464K, reserved 1114112K
  class space    used 2650K, committed 2816K, reserved 1048576K

Heap Regions: E=young(eden), S=young(survivor), O=old, HS=humongous(starts), HC=humongous(continues), CS=collection set, F=free, TAMS=top-at-mark-start, PB=parsable bottom
|   0|0x0000000704000000, 0x0000000704200000, 0x0000000704200000|100%|HS|  |TAMS 0x0000000704000000| PB 0x0000000704000000| Complete |  0
|   1|0x0000000704200000, 0x0000000704400000, 0x0000000704400000|100%| O|  |TAMS 0x0000000704200000| PB 0x0000000704200000| Untracked |  0
|   2|0x0000000704400000, 0x0000000704600000, 0x0000000704600000|100%|HS|  |TAMS 0x0000000704400000| PB 0x0000000704400000| Complete |  0
|   3|0x0000000704600000, 0x0000000704800000, 0x0000000704800000|100%|HS|  |TAMS 0x0000000704600000| PB 0x0000000704600000| Complete |  0
|   4|0x0000000704800000, 0x0000000704a00000, 0x0000000704a00000|100%|HS|  |TAMS 0x0000000704800000| PB 0x0000000704800000| Complete |  0
|   5|0x0000000704a00000, 0x0000000704c00000, 0x0000000704c00000|100%|HS|  |TAMS 0x0000000704a00000| PB 0x0000000704a00000| Complete |  0
|   6|0x0000000704c00000, 0x0000000704e00000, 0x0000000704e00000|100%|HS|  |TAMS 0x0000000704c00000| PB 0x0000000704c00000| Complete |  0
|   7|0x0000000704e00000, 0x0000000705000000, 0x0000000705000000|100%|HS|  |TAMS 0x0000000704e00000| PB 0x0000000704e00000| Complete |  0
|   8|0x0000000705000000, 0x0000000705200000, 0x0000000705200000|100%|HC|  |TAMS 0x0000000705000000| PB 0x0000000705000000| Complete |  0
|   9|0x0000000705200000, 0x0000000705400000, 0x0000000705400000|100%|HC|  |TAMS 0x0000000705200000| PB 0x0000000705200000| Complete |  0
|  10|0x0000000705400000, 0x0000000705600000, 0x0000000705600000|100%|HC|  |TAMS 0x0000000705400000| PB 0x0000000705400000| Complete |  0
|  11|0x0000000705600000, 0x0000000705800000, 0x0000000705800000|100%|HC|  |TAMS 0x0000000705600000| PB 0x0000000705600000| Complete |  0
|  12|0x0000000705800000, 0x0000000705a00000, 0x0000000705a00000|100%|HC|  |TAMS 0x0000000705800000| PB 0x0000000705800000| Complete |  0
|  13|0x0000000705a00000, 0x0000000705c00000, 0x0000000705c00000|100%|HC|  |TAMS 0x0000000705a00000| PB 0x0000000705a00000| Complete |  0
|  14|0x0000000705c00000, 0x0000000705e00000, 0x0000000705e00000|100%|HC|  |TAMS 0x0000000705c00000| PB 0x0000000705c00000| Complete |  0
|  15|0x0000000705e00000, 0x0000000706000000, 0x0000000706000000|100%|HC|  |TAMS 0x0000000705e00000| PB 0x0000000705e00000| Complete |  0
|  16|0x0000000706000000, 0x0000000706200000, 0x0000000706200000|100%|HC|  |TAMS 0x0000000706000000| PB 0x0000000706000000| Complete |  0
|  17|0x0000000706200000, 0x0000000706400000, 0x0000000706400000|100%|HC|  |TAMS 0x0000000706200000| PB 0x0000000706200000| Complete |  0
|  18|0x0000000706400000, 0x0000000706600000, 0x0000000706600000|100%|HC|  |TAMS 0x0000000706400000| PB 0x0000000706400000| Complete |  0
|  19|0x0000000706600000, 0x0000000706800000, 0x0000000706800000|100%|HC|  |TAMS 0x0000000706600000| PB 0x0000000706600000| Complete |  0
|  20|0x0000000706800000, 0x0000000706a00000, 0x0000000706a00000|100%|HC|  |TAMS 0x0000000706800000| PB 0x0000000706800000| Complete |  0
|  21|0x0000000706a00000, 0x0000000706c00000, 0x0000000706c00000|100%|HC|  |TAMS 0x0000000706a00000| PB 0x0000000706a00000| Complete |  0
|  22|0x0000000706c00000, 0x0000000706e00000, 0x0000000706e00000|100%|HC|  |TAMS 0x0000000706c00000| PB 0x0000000706c00000| Complete |  0
|  23|0x0000000706e00000, 0x0000000707000000, 0x0000000707000000|100%|HC|  |TAMS 0x0000000706e00000| PB 0x0000000706e00000| Complete |  0
|  24|0x0000000707000000, 0x0000000707200000, 0x0000000707200000|100%|HC|  |TAMS 0x0000000707000000| PB 0x0000000707000000| Complete |  0
|  25|0x0000000707200000, 0x0000000707400000, 0x0000000707400000|100%|HC|  |TAMS 0x0000000707200000| PB 0x0000000707200000| Complete |  0
|  26|0x0000000707400000, 0x0000000707600000, 0x0000000707600000|100%|HC|  |TAMS 0x0000000707400000| PB 0x0000000707400000| Complete |  0
|  27|0x0000000707600000, 0x0000000707800000, 0x0000000707800000|100%|HC|  |TAMS 0x0000000707600000| PB 0x0000000707600000| Complete |  0
|  28|0x0000000707800000, 0x0000000707a00000, 0x0000000707a00000|100%|HC|  |TAMS 0x0000000707800000| PB 0x0000000707800000| Complete |  0
|  29|0x0000000707a00000, 0x0000000707c00000, 0x0000000707c00000|100%|HS|  |TAMS 0x0000000707a00000| PB 0x0000000707a00000| Complete |  0
|  30|0x0000000707c00000, 0x0000000707e00000, 0x0000000707e00000|100%|HS|  |TAMS 0x0000000707c00000| PB 0x0000000707c00000| Complete |  0
|  31|0x0000000707e00000, 0x0000000708000000, 0x0000000708000000|100%|HS|  |TAMS 0x0000000707e00000| PB 0x0000000707e00000| Complete |  0
|  32|0x0000000708000000, 0x0000000708200000, 0x0000000708200000|100%| O|  |TAMS 0x0000000708000000| PB 0x0000000708000000| Untracked |  0
|  33|0x0000000708200000, 0x0000000708400000, 0x0000000708400000|100%| O|  |TAMS 0x0000000708200000| PB 0x0000000708200000| Untracked |  0
|  34|0x0000000708400000, 0x0000000708505618, 0x0000000708600000| 51%| O|  |TAMS 0x0000000708400000| PB 0x0000000708400000| Untracked |  0
|  35|0x0000000708600000, 0x0000000708800000, 0x0000000708800000|100%|HS|  |TAMS 0x0000000708600000| PB 0x0000000708600000| Complete |  0
|  36|0x0000000708800000, 0x0000000708a00000, 0x0000000708a00000|100%|HS|  |TAMS 0x0000000708800000| PB 0x0000000708800000| Complete |  0
|  37|0x0000000708a00000, 0x0000000708c00000, 0x0000000708c00000|100%|HC|  |TAMS 0x0000000708a00000| PB 0x0000000708a00000| Complete |  0
|  38|0x0000000708c00000, 0x0000000708e00000, 0x0000000708e00000|100%|HC|  |TAMS 0x0000000708c00000| PB 0x0000000708c00000| Complete |  0
|  39|0x0000000708e00000, 0x0000000708e00000, 0x0000000709000000|  0%| F|  |TAMS 0x0000000708e00000| PB 0x0000000708e00000| Untracked |  0
|  40|0x0000000709000000, 0x0000000709000000, 0x0000000709200000|  0%| F|  |TAMS 0x0000000709000000| PB 0x0000000709000000| Untracked |  0
|  41|0x0000000709200000, 0x0000000709200000, 0x0000000709400000|  0%| F|  |TAMS 0x0000000709200000| PB 0x0000000709200000| Untracked |  0
|  42|0x0000000709400000, 0x0000000709400000, 0x0000000709600000|  0%| F|  |TAMS 0x0000000709400000| PB 0x0000000709400000| Untracked |  0
|  43|0x0000000709600000, 0x0000000709600000, 0x0000000709800000|  0%| F|  |TAMS 0x0000000709600000| PB 0x0000000709600000| Untracked |  0
|  44|0x0000000709800000, 0x0000000709800000, 0x0000000709a00000|  0%| F|  |TAMS 0x0000000709800000| PB 0x0000000709800000| Untracked |  0
|  45|0x0000000709a00000, 0x0000000709a00000, 0x0000000709c00000|  0%| F|  |TAMS 0x0000000709a00000| PB 0x0000000709a00000| Untracked |  0
|  46|0x0000000709c00000, 0x0000000709c00000, 0x0000000709e00000|  0%| F|  |TAMS 0x0000000709c00000| PB 0x0000000709c00000| Untracked |  0
|  47|0x0000000709e00000, 0x0000000709e00000, 0x000000070a000000|  0%| F|  |TAMS 0x0000000709e00000| PB 0x0000000709e00000| Untracked |  0
|  48|0x000000070a000000, 0x000000070a000000, 0x000000070a200000|  0%| F|  |TAMS 0x000000070a000000| PB 0x000000070a000000| Untracked |  0
|  49|0x000000070a200000, 0x000000070a200000, 0x000000070a400000|  0%| F|  |TAMS 0x000000070a200000| PB 0x000000070a200000| Untracked |  0
|  50|0x000000070a400000, 0x000000070a400000, 0x000000070a600000|  0%| F|  |TAMS 0x000000070a400000| PB 0x000000070a400000| Untracked |  0
|  51|0x000000070a600000, 0x000000070a600000, 0x000000070a800000|  0%| F|  |TAMS 0x000000070a600000| PB 0x000000070a600000| Untracked |  0
|  52|0x000000070a800000, 0x000000070a800000, 0x000000070aa00000|  0%| F|  |TAMS 0x000000070a800000| PB 0x000000070a800000| Untracked |  0
|  53|0x000000070aa00000, 0x000000070aa00000, 0x000000070ac00000|  0%| F|  |TAMS 0x000000070aa00000| PB 0x000000070aa00000| Untracked |  0
|  54|0x000000070ac00000, 0x000000070ac00000, 0x000000070ae00000|  0%| F|  |TAMS 0x000000070ac00000| PB 0x000000070ac00000| Untracked |  0
|  55|0x000000070ae00000, 0x000000070ae00000, 0x000000070b000000|  0%| F|  |TAMS 0x000000070ae00000| PB 0x000000070ae00000| Untracked |  0
|  56|0x000000070b000000, 0x000000070b000000, 0x000000070b200000|  0%| F|  |TAMS 0x000000070b000000| PB 0x000000070b000000| Untracked |  0
|  57|0x000000070b200000, 0x000000070b200000, 0x000000070b400000|  0%| F|  |TAMS 0x000000070b200000| PB 0x000000070b200000| Untracked |  0
|  58|0x000000070b400000, 0x000000070b400000, 0x000000070b600000|  0%| F|  |TAMS 0x000000070b400000| PB 0x000000070b400000| Untracked |  0
|  59|0x000000070b600000, 0x000000070b600000, 0x000000070b800000|  0%| F|  |TAMS 0x000000070b600000| PB 0x000000070b600000| Untracked |  0
|  60|0x000000070b800000, 0x000000070b800000, 0x000000070ba00000|  0%| F|  |TAMS 0x000000070b800000| PB 0x000000070b800000| Untracked |  0
|  61|0x000000070ba00000, 0x000000070ba00000, 0x000000070bc00000|  0%| F|  |TAMS 0x000000070ba00000| PB 0x000000070ba00000| Untracked |  0
|  62|0x000000070bc00000, 0x000000070bc00000, 0x000000070be00000|  0%| F|  |TAMS 0x000000070bc00000| PB 0x000000070bc00000| Untracked |  0
|  63|0x000000070be00000, 0x000000070be00000, 0x000000070c000000|  0%| F|  |TAMS 0x000000070be00000| PB 0x000000070be00000| Untracked |  0
|  64|0x000000070c000000, 0x000000070c000000, 0x000000070c200000|  0%| F|  |TAMS 0x000000070c000000| PB 0x000000070c000000| Untracked |  0
|  65|0x000000070c200000, 0x000000070c200000, 0x000000070c400000|  0%| F|  |TAMS 0x000000070c200000| PB 0x000000070c200000| Untracked |  0
|  66|0x000000070c400000, 0x000000070c400000, 0x000000070c600000|  0%| F|  |TAMS 0x000000070c400000| PB 0x000000070c400000| Untracked |  0
|  67|0x000000070c600000, 0x000000070c600000, 0x000000070c800000|  0%| F|  |TAMS 0x000000070c600000| PB 0x000000070c600000| Untracked |  0
|  68|0x000000070c800000, 0x000000070c800000, 0x000000070ca00000|  0%| F|  |TAMS 0x000000070c800000| PB 0x000000070c800000| Untracked |  0
|  69|0x000000070ca00000, 0x000000070ca00000, 0x000000070cc00000|  0%| F|  |TAMS 0x000000070ca00000| PB 0x000000070ca00000| Untracked |  0
|  70|0x000000070cc00000, 0x000000070cc00000, 0x000000070ce00000|  0%| F|  |TAMS 0x000000070cc00000| PB 0x000000070cc00000| Untracked |  0
|  71|0x000000070ce00000, 0x000000070ce00000, 0x000000070d000000|  0%| F|  |TAMS 0x000000070ce00000| PB 0x000000070ce00000| Untracked |  0
|  72|0x000000070d000000, 0x000000070d000000, 0x000000070d200000|  0%| F|  |TAMS 0x000000070d000000| PB 0x000000070d000000| Untracked |  0
|  73|0x000000070d200000, 0x000000070d200000, 0x000000070d400000|  0%| F|  |TAMS 0x000000070d200000| PB 0x000000070d200000| Untracked |  0
|  74|0x000000070d400000, 0x000000070d400000, 0x000000070d600000|  0%| F|  |TAMS 0x000000070d400000| PB 0x000000070d400000| Untracked |  0
|  75|0x000000070d600000, 0x000000070d600000, 0x000000070d800000|  0%| F|  |TAMS 0x000000070d600000| PB 0x000000070d600000| Untracked |  0
|  76|0x000000070d800000, 0x000000070d800000, 0x000000070da00000|  0%| F|  |TAMS 0x000000070d800000| PB 0x000000070d800000| Untracked |  0
|  77|0x000000070da00000, 0x000000070da00000, 0x000000070dc00000|  0%| F|  |TAMS 0x000000070da00000| PB 0x000000070da00000| Untracked |  0
|  78|0x000000070dc00000, 0x000000070dc00000, 0x000000070de00000|  0%| F|  |TAMS 0x000000070dc00000| PB 0x000000070dc00000| Untracked |  0
|  79|0x000000070de00000, 0x000000070de00000, 0x000000070e000000|  0%| F|  |TAMS 0x000000070de00000| PB 0x000000070de00000| Untracked |  0
|  80|0x000000070e000000, 0x000000070e000000, 0x000000070e200000|  0%| F|  |TAMS 0x000000070e000000| PB 0x000000070e000000| Untracked |  0
|  81|0x000000070e200000, 0x000000070e200000, 0x000000070e400000|  0%| F|  |TAMS 0x000000070e200000| PB 0x000000070e200000| Untracked |  0
|  82|0x000000070e400000, 0x000000070e400000, 0x000000070e600000|  0%| F|  |TAMS 0x000000070e400000| PB 0x000000070e400000| Untracked |  0
|  83|0x000000070e600000, 0x000000070e600000, 0x000000070e800000|  0%| F|  |TAMS 0x000000070e600000| PB 0x000000070e600000| Untracked |  0
|  84|0x000000070e800000, 0x000000070e800000, 0x000000070ea00000|  0%| F|  |TAMS 0x000000070e800000| PB 0x000000070e800000| Untracked |  0
|  85|0x000000070ea00000, 0x000000070ea00000, 0x000000070ec00000|  0%| F|  |TAMS 0x000000070ea00000| PB 0x000000070ea00000| Untracked |  0
|  86|0x000000070ec00000, 0x000000070ec00000, 0x000000070ee00000|  0%| F|  |TAMS 0x000000070ec00000| PB 0x000000070ec00000| Untracked |  0
|  87|0x000000070ee00000, 0x000000070ee00000, 0x000000070f000000|  0%| F|  |TAMS 0x000000070ee00000| PB 0x000000070ee00000| Untracked |  0
|  88|0x000000070f000000, 0x000000070f000000, 0x000000070f200000|  0%| F|  |TAMS 0x000000070f000000| PB 0x000000070f000000| Untracked |  0
|  89|0x000000070f200000, 0x000000070f200000, 0x000000070f400000|  0%| F|  |TAMS 0x000000070f200000| PB 0x000000070f200000| Untracked |  0
|  90|0x000000070f400000, 0x000000070f400000, 0x000000070f600000|  0%| F|  |TAMS 0x000000070f400000| PB 0x000000070f400000| Untracked |  0
|  91|0x000000070f600000, 0x000000070f600000, 0x000000070f800000|  0%| F|  |TAMS 0x000000070f600000| PB 0x000000070f600000| Untracked |  0
|  92|0x000000070f800000, 0x000000070f800000, 0x000000070fa00000|  0%| F|  |TAMS 0x000000070f800000| PB 0x000000070f800000| Untracked |  0
|  93|0x000000070fa00000, 0x000000070fa00000, 0x000000070fc00000|  0%| F|  |TAMS 0x000000070fa00000| PB 0x000000070fa00000| Untracked |  0
|  94|0x000000070fc00000, 0x000000070fc00000, 0x000000070fe00000|  0%| F|  |TAMS 0x000000070fc00000| PB 0x000000070fc00000| Untracked |  0
|  95|0x000000070fe00000, 0x000000070fe00000, 0x0000000710000000|  0%| F|  |TAMS 0x000000070fe00000| PB 0x000000070fe00000| Untracked |  0
|  96|0x0000000710000000, 0x0000000710000000, 0x0000000710200000|  0%| F|  |TAMS 0x0000000710000000| PB 0x0000000710000000| Untracked |  0
|  97|0x0000000710200000, 0x0000000710200000, 0x0000000710400000|  0%| F|  |TAMS 0x0000000710200000| PB 0x0000000710200000| Untracked |  0
|  98|0x0000000710400000, 0x0000000710400000, 0x0000000710600000|  0%| F|  |TAMS 0x0000000710400000| PB 0x0000000710400000| Untracked |  0
|  99|0x0000000710600000, 0x0000000710600000, 0x0000000710800000|  0%| F|  |TAMS 0x0000000710600000| PB 0x0000000710600000| Untracked |  0
| 100|0x0000000710800000, 0x0000000710800000, 0x0000000710a00000|  0%| F|  |TAMS 0x0000000710800000| PB 0x0000000710800000| Untracked |  0
| 101|0x0000000710a00000, 0x0000000710a00000, 0x0000000710c00000|  0%| F|  |TAMS 0x0000000710a00000| PB 0x0000000710a00000| Untracked |  0
| 102|0x0000000710c00000, 0x0000000710c00000, 0x0000000710e00000|  0%| F|  |TAMS 0x0000000710c00000| PB 0x0000000710c00000| Untracked |  0
| 103|0x0000000710e00000, 0x0000000710e00000, 0x0000000711000000|  0%| F|  |TAMS 0x0000000710e00000| PB 0x0000000710e00000| Untracked |  0
| 104|0x0000000711000000, 0x0000000711000000, 0x0000000711200000|  0%| F|  |TAMS 0x0000000711000000| PB 0x0000000711000000| Untracked |  0
| 105|0x0000000711200000, 0x0000000711200000, 0x0000000711400000|  0%| F|  |TAMS 0x0000000711200000| PB 0x0000000711200000| Untracked |  0
| 106|0x0000000711400000, 0x0000000711400000, 0x0000000711600000|  0%| F|  |TAMS 0x0000000711400000| PB 0x0000000711400000| Untracked |  0
| 107|0x0000000711600000, 0x0000000711600000, 0x0000000711800000|  0%| F|  |TAMS 0x0000000711600000| PB 0x0000000711600000| Untracked |  0
| 108|0x0000000711800000, 0x0000000711800000, 0x0000000711a00000|  0%| F|  |TAMS 0x0000000711800000| PB 0x0000000711800000| Untracked |  0
| 109|0x0000000711a00000, 0x0000000711a00000, 0x0000000711c00000|  0%| F|  |TAMS 0x0000000711a00000| PB 0x0000000711a00000| Untracked |  0
| 110|0x0000000711c00000, 0x0000000711c00000, 0x0000000711e00000|  0%| F|  |TAMS 0x0000000711c00000| PB 0x0000000711c00000| Untracked |  0
| 111|0x0000000711e00000, 0x0000000711f41348, 0x0000000712000000| 62%| S|CS|TAMS 0x0000000711e00000| PB 0x0000000711e00000| Complete |  0
| 112|0x0000000712000000, 0x0000000712200000, 0x0000000712200000|100%| S|CS|TAMS 0x0000000712000000| PB 0x0000000712000000| Complete |  0
| 113|0x0000000712200000, 0x0000000712400000, 0x0000000712400000|100%| S|CS|TAMS 0x0000000712200000| PB 0x0000000712200000| Complete |  0
| 114|0x0000000712400000, 0x0000000712600000, 0x0000000712600000|100%| S|CS|TAMS 0x0000000712400000| PB 0x0000000712400000| Complete |  0
| 115|0x0000000712600000, 0x0000000712800000, 0x0000000712800000|100%| S|CS|TAMS 0x0000000712600000| PB 0x0000000712600000| Complete |  0
| 116|0x0000000712800000, 0x0000000712800000, 0x0000000712a00000|  0%| F|  |TAMS 0x0000000712800000| PB 0x0000000712800000| Untracked |  0
| 117|0x0000000712a00000, 0x0000000712a00000, 0x0000000712c00000|  0%| F|  |TAMS 0x0000000712a00000| PB 0x0000000712a00000| Untracked |  0
| 118|0x0000000712c00000, 0x0000000712c00000, 0x0000000712e00000|  0%| F|  |TAMS 0x0000000712c00000| PB 0x0000000712c00000| Untracked |  0
| 119|0x0000000712e00000, 0x0000000712e00000, 0x0000000713000000|  0%| F|  |TAMS 0x0000000712e00000| PB 0x0000000712e00000| Untracked |  0
| 120|0x0000000713000000, 0x0000000713000000, 0x0000000713200000|  0%| F|  |TAMS 0x0000000713000000| PB 0x0000000713000000| Untracked |  0
| 121|0x0000000713200000, 0x0000000713200000, 0x0000000713400000|  0%| F|  |TAMS 0x0000000713200000| PB 0x0000000713200000| Untracked |  0
| 122|0x0000000713400000, 0x000000071355efb0, 0x0000000713600000| 68%| E|  |TAMS 0x0000000713400000| PB 0x0000000713400000| Complete |  0
| 123|0x0000000713600000, 0x0000000713800000, 0x0000000713800000|100%| E|CS|TAMS 0x0000000713600000| PB 0x0000000713600000| Complete |  0
| 124|0x0000000713800000, 0x0000000713a00000, 0x0000000713a00000|100%| E|CS|TAMS 0x0000000713800000| PB 0x0000000713800000| Complete |  0
| 125|0x0000000713a00000, 0x0000000713c00000, 0x0000000713c00000|100%| E|CS|TAMS 0x0000000713a00000| PB 0x0000000713a00000| Complete |  0

Card table byte_map: [0x000001ab787e0000,0x000001ab78fc0000] _byte_map_base: 0x000001ab74fc0000

Marking Bits: (CMBitMap*) 0x000001ab605f7830
 Bits: [0x000001ab78fc0000, 0x000001ab7cec0000)

Polling page: 0x000001ab5e330000

Metaspace:

Usage:
  Non-class:     19.07 MB used.
      Class:      2.59 MB used.
       Both:     21.66 MB used.

Virtual space:
  Non-class space:       64.00 MB reserved,      19.19 MB ( 30%) committed,  1 nodes.
      Class space:        1.00 GB reserved,       2.75 MB ( <1%) committed,  1 nodes.
             Both:        1.06 GB reserved,      21.94 MB (  2%) committed. 

Chunk freelists:
   Non-Class:  12.44 MB
       Class:  13.23 MB
        Both:  25.67 MB

MaxMetaspaceSize: unlimited
CompressedClassSpaceSize: 1.00 GB
Initial GC threshold: 21.00 MB
Current GC threshold: 35.12 MB
CDS: on
 - commit_granule_bytes: 65536.
 - commit_granule_words: 8192.
 - virtual_space_node_default_size: 8388608.
 - enlarge_chunks_in_place: 1.
 - use_allocation_guard: 0.


Internal statistics:

num_allocs_failed_limit: 3.
num_arena_births: 252.
num_arena_deaths: 0.
num_vsnodes_births: 2.
num_vsnodes_deaths: 0.
num_space_committed: 351.
num_space_uncommitted: 0.
num_chunks_returned_to_freelist: 3.
num_chunks_taken_from_freelist: 501.
num_chunk_merges: 0.
num_chunk_splits: 291.
num_chunks_enlarged: 151.
num_inconsistent_stats: 0.

CodeHeap 'non-profiled nmethods': size=120064Kb used=1775Kb max_used=1775Kb free=118288Kb
 bounds [0x000001ab70790000, 0x000001ab70a00000, 0x000001ab77cd0000]
CodeHeap 'profiled nmethods': size=120000Kb used=5552Kb max_used=5552Kb free=114447Kb
 bounds [0x000001ab68cd0000, 0x000001ab69240000, 0x000001ab70200000]
CodeHeap 'non-nmethods': size=5696Kb used=1893Kb max_used=1929Kb free=3802Kb
 bounds [0x000001ab70200000, 0x000001ab70470000, 0x000001ab70790000]
CodeCache: size=245760Kb, used=9220Kb, max_used=9256Kb, free=236537Kb
 total_blobs=4666, nmethods=3899, adapters=671, full_count=0
Compilation: enabled, stopped_count=0, restarted_count=0

Compilation events (20 events):
Event: 20.739 Thread 0x000001ab450315c0 3890   !   3       javax.swing.TimerQueue::addTimer (82 bytes)
Event: 20.739 Thread 0x000001ab450315c0 nmethod 3890 0x000001ab69238b08 code [0x000001ab69238c80, 0x000001ab69239230]
Event: 20.739 Thread 0x000001ab450315c0 3891       3       java.util.concurrent.DelayQueue::add (6 bytes)
Event: 20.739 Thread 0x000001ab450315c0 nmethod 3891 0x000001ab69239288 code [0x000001ab692393a0, 0x000001ab692394f8]
Event: 20.739 Thread 0x000001ab450315c0 3892   !   3       java.util.concurrent.DelayQueue::offer (60 bytes)
Event: 20.740 Thread 0x000001ab450315c0 nmethod 3892 0x000001ab69239588 code [0x000001ab692397c0, 0x000001ab6923a548]
Event: 20.740 Thread 0x000001ab450315c0 3893       3       java.util.PriorityQueue::offer (58 bytes)
Event: 20.740 Thread 0x000001ab450315c0 nmethod 3893 0x000001ab6923a608 code [0x000001ab6923a780, 0x000001ab6923ab70]
Event: 20.765 Thread 0x000001ab450315c0 3894       3       java.util.PriorityQueue::indexOf (43 bytes)
Event: 20.765 Thread 0x000001ab450315c0 nmethod 3894 0x000001ab6923ac08 code [0x000001ab6923ad40, 0x000001ab6923b098]
Event: 20.765 Thread 0x000001ab450315c0 3895       3       java.util.PriorityQueue::removeAt (83 bytes)
Event: 20.765 Thread 0x000001ab450315c0 nmethod 3895 0x000001ab6923b108 code [0x000001ab6923b2a0, 0x000001ab6923b9a8]
Event: 20.912 Thread 0x000001ab7f91bb30 3896   !   4       sun.awt.PostEventQueue::flush (168 bytes)
Event: 21.007 Thread 0x000001ab7f91bb30 nmethod 3896 0x000001ab70945508 code [0x000001ab70945ae0, 0x000001ab7094b780]
Event: 21.008 Thread 0x000001ab7f91bb30 3897       4       java.util.concurrent.locks.AbstractQueuedSynchronizer$Node::setStatusRelaxed (12 bytes)
Event: 21.009 Thread 0x000001ab7f91bb30 nmethod 3897 0x000001ab7094b988 code [0x000001ab7094ba80, 0x000001ab7094bb00]
Event: 21.132 Thread 0x000001ab7f91bb30 3898       4       java.awt.EventQueue::eventToCacheIndex (80 bytes)
Event: 21.133 Thread 0x000001ab7f91bb30 nmethod 3898 0x000001ab7094bc88 code [0x000001ab7094bda0, 0x000001ab7094bec0]
Event: 22.489 Thread 0x000001ab450315c0 3899       3       java.util.PriorityQueue::siftUpComparable (52 bytes)
Event: 22.489 Thread 0x000001ab450315c0 nmethod 3899 0x000001ab6923ba08 code [0x000001ab6923bb60, 0x000001ab6923c278]

GC Heap History (10 events):
Event: 0.268 GC heap before
{Heap before GC invocations=0 (full 0):
 garbage-first heap   total reserved 4128768K, committed 258048K, used 24576K [0x0000000704000000, 0x0000000800000000)
  region size 2048K, 12 young (24576K), 0 survivors (0K)
 Metaspace       used 919K, committed 1152K, reserved 1114112K
  class space    used 74K, committed 192K, reserved 1048576K
}
Event: 0.271 GC heap after
{Heap after GC invocations=1 (full 0):
 garbage-first heap   total reserved 4128768K, committed 258048K, used 5034K [0x0000000704000000, 0x0000000800000000)
  region size 2048K, 2 young (4096K), 2 survivors (4096K)
 Metaspace       used 919K, committed 1152K, reserved 1114112K
  class space    used 74K, committed 192K, reserved 1048576K
}
Event: 0.542 GC heap before
{Heap before GC invocations=1 (full 0):
 garbage-first heap   total reserved 4128768K, committed 258048K, used 27562K [0x0000000704000000, 0x0000000800000000)
  region size 2048K, 14 young (28672K), 2 survivors (4096K)
 Metaspace       used 3016K, committed 3200K, reserved 1114112K
  class space    used 309K, committed 384K, reserved 1048576K
}
Event: 0.545 GC heap after
{Heap after GC invocations=2 (full 0):
 garbage-first heap   total reserved 4128768K, committed 258048K, used 4944K [0x0000000704000000, 0x0000000800000000)
  region size 2048K, 2 young (4096K), 2 survivors (4096K)
 Metaspace       used 3016K, committed 3200K, reserved 1114112K
  class space    used 309K, committed 384K, reserved 1048576K
}
Event: 1.338 GC heap before
{Heap before GC invocations=2 (full 0):
 garbage-first heap   total reserved 4128768K, committed 258048K, used 121680K [0x0000000704000000, 0x0000000800000000)
  region size 2048K, 32 young (65536K), 2 survivors (4096K)
 Metaspace       used 7916K, committed 8128K, reserved 1114112K
  class space    used 849K, committed 960K, reserved 1048576K
}
Event: 1.343 GC heap after
{Heap after GC invocations=3 (full 0):
 garbage-first heap   total reserved 4128768K, committed 258048K, used 64810K [0x0000000704000000, 0x0000000800000000)
  region size 2048K, 4 young (8192K), 4 survivors (8192K)
 Metaspace       used 7916K, committed 8128K, reserved 1114112K
  class space    used 849K, committed 960K, reserved 1048576K
}
Event: 2.168 GC heap before
{Heap before GC invocations=3 (full 0):
 garbage-first heap   total reserved 4128768K, committed 258048K, used 134442K [0x0000000704000000, 0x0000000800000000)
  region size 2048K, 36 young (73728K), 4 survivors (8192K)
 Metaspace       used 14683K, committed 14912K, reserved 1114112K
  class space    used 1748K, committed 1856K, reserved 1048576K
}
Event: 2.175 GC heap after
{Heap after GC invocations=4 (full 0):
 garbage-first heap   total reserved 4128768K, committed 258048K, used 76932K [0x0000000704000000, 0x0000000800000000)
  region size 2048K, 4 young (8192K), 4 survivors (8192K)
 Metaspace       used 14683K, committed 14912K, reserved 1114112K
  class space    used 1748K, committed 1856K, reserved 1048576K
}
Event: 6.317 GC heap before
{Heap before GC invocations=4 (full 0):
 garbage-first heap   total reserved 4128768K, committed 258048K, used 103556K [0x0000000704000000, 0x0000000800000000)
  region size 2048K, 14 young (28672K), 4 survivors (8192K)
 Metaspace       used 21164K, committed 21504K, reserved 1114112K
  class space    used 2560K, committed 2752K, reserved 1048576K
}
Event: 6.320 GC heap after
{Heap after GC invocations=5 (full 0):
 garbage-first heap   total reserved 4128768K, committed 258048K, used 88346K [0x0000000704000000, 0x0000000800000000)
  region size 2048K, 5 young (10240K), 5 survivors (10240K)
 Metaspace       used 21164K, committed 21504K, reserved 1114112K
  class space    used 2560K, committed 2752K, reserved 1048576K
}

Dll operation events (13 events):
Event: 0.010 Loaded shared library C:\Program Files\Java\jdk-23\bin\java.dll
Event: 0.044 Loaded shared library C:\Program Files\Java\jdk-23\bin\jsvml.dll
Event: 0.076 Loaded shared library C:\Program Files\Java\jdk-23\bin\net.dll
Event: 0.079 Loaded shared library C:\Program Files\Java\jdk-23\bin\nio.dll
Event: 0.131 Loaded shared library C:\Program Files\Java\jdk-23\bin\zip.dll
Event: 0.431 Loaded shared library C:\Program Files\Java\jdk-23\bin\jimage.dll
Event: 0.775 Loaded shared library C:\Program Files\Java\jdk-23\bin\awt.dll
Event: 1.907 Loaded shared library C:\Program Files\Java\jdk-23\bin\management.dll
Event: 1.909 Loaded shared library C:\Program Files\Java\jdk-23\bin\management_ext.dll
Event: 2.063 Loaded shared library C:\Program Files\Java\jdk-23\bin\verify.dll
Event: 2.184 Loaded shared library C:\Program Files\Java\jdk-23\bin\sunmscapi.dll
Event: 4.195 Loaded shared library C:\Program Files\Java\jdk-23\bin\freetype.dll
Event: 4.196 Loaded shared library C:\Program Files\Java\jdk-23\bin\fontmanager.dll

Deoptimization events (20 events):
Event: 19.885 Thread 0x000001ab45b27090 Uncommon trap: trap_request=0xffffffde fr.pc=0x000001ab708fd188 relative=0x0000000000000068
Event: 19.885 Thread 0x000001ab45b27090 Uncommon trap: reason=class_check action=maybe_recompile pc=0x000001ab708fd188 method=java.util.LinkedHashMap.afterNodeInsertion(Z)V @ 15 c2
Event: 19.885 Thread 0x000001ab45b27090 DEOPT PACKING pc=0x000001ab708fd188 sp=0x00000040518fe000
Event: 19.885 Thread 0x000001ab45b27090 DEOPT UNPACKING pc=0x000001ab70257982 sp=0x00000040518fdf78 mode 2
Event: 19.885 Thread 0x000001ab45b27090 Uncommon trap: trap_request=0xffffffde fr.pc=0x000001ab708fd188 relative=0x0000000000000068
Event: 19.885 Thread 0x000001ab45b27090 Uncommon trap: reason=class_check action=maybe_recompile pc=0x000001ab708fd188 method=java.util.LinkedHashMap.afterNodeInsertion(Z)V @ 15 c2
Event: 19.885 Thread 0x000001ab45b27090 DEOPT PACKING pc=0x000001ab708fd188 sp=0x00000040518fe000
Event: 19.885 Thread 0x000001ab45b27090 DEOPT UNPACKING pc=0x000001ab70257982 sp=0x00000040518fdf78 mode 2
Event: 22.961 Thread 0x000001ab45b27090 Uncommon trap: trap_request=0xffffff45 fr.pc=0x000001ab709355cc relative=0x0000000000000d6c
Event: 22.961 Thread 0x000001ab45b27090 Uncommon trap: reason=unstable_if action=reinterpret pc=0x000001ab709355cc method=java.awt.Container.getMouseEventTargetImpl(IIZLjava/awt/Container$EventTargetFilter;ZZ)Ljava/awt/Component; @ 218 c2
Event: 22.961 Thread 0x000001ab45b27090 DEOPT PACKING pc=0x000001ab709355cc sp=0x00000040518fead0
Event: 22.961 Thread 0x000001ab45b27090 DEOPT UNPACKING pc=0x000001ab70257982 sp=0x00000040518fe9d8 mode 2
Event: 783.801 Thread 0x000001ab45de8470 Uncommon trap: trap_request=0xffffff45 fr.pc=0x000001ab709479f8 relative=0x0000000000001f18
Event: 783.801 Thread 0x000001ab45b27090 Uncommon trap: trap_request=0xffffff45 fr.pc=0x000001ab70949278 relative=0x0000000000003798
Event: 783.802 Thread 0x000001ab45b27090 Uncommon trap: reason=unstable_if action=reinterpret pc=0x000001ab70949278 method=sun.awt.PostEventQueue.flush()V @ 23 c2
Event: 783.802 Thread 0x000001ab45de8470 Uncommon trap: reason=unstable_if action=reinterpret pc=0x000001ab709479f8 method=java.util.concurrent.locks.AbstractQueuedSynchronizer.signalNext(Ljava/util/concurrent/locks/AbstractQueuedSynchronizer$Node;)V @ 10 c2
Event: 783.802 Thread 0x000001ab45de8470 DEOPT PACKING pc=0x000001ab709479f8 sp=0x00000040517fc9f0
Event: 783.802 Thread 0x000001ab45b27090 DEOPT PACKING pc=0x000001ab70949278 sp=0x00000040518ff060
Event: 783.802 Thread 0x000001ab45b27090 DEOPT UNPACKING pc=0x000001ab70257982 sp=0x00000040518ff068 mode 2
Event: 783.802 Thread 0x000001ab45de8470 DEOPT UNPACKING pc=0x000001ab70257982 sp=0x00000040517fc800 mode 2

Classes loaded (20 events):
Event: 16.504 Loading class java/awt/SecondaryLoop done
Event: 16.504 Loading class java/awt/WaitDispatchSupport done
Event: 16.505 Loading class java/awt/WaitDispatchSupport$5
Event: 16.505 Loading class java/awt/WaitDispatchSupport$5 done
Event: 16.505 Loading class java/awt/WaitDispatchSupport$1
Event: 16.505 Loading class java/awt/WaitDispatchSupport$1 done
Event: 16.505 Loading class java/awt/WaitDispatchSupport$2
Event: 16.505 Loading class java/awt/WaitDispatchSupport$2 done
Event: 16.505 Loading class java/awt/WaitDispatchSupport$4
Event: 16.505 Loading class java/awt/WaitDispatchSupport$4 done
Event: 18.035 Loading class java/awt/KeyboardFocusManager$2
Event: 18.035 Loading class java/awt/KeyboardFocusManager$2 done
Event: 18.035 Loading class sun/awt/SunToolkit$1
Event: 18.035 Loading class sun/awt/SunToolkit$1 done
Event: 18.040 Loading class java/awt/Window$1DisposeAction
Event: 18.040 Loading class java/awt/Window$1DisposeAction done
Event: 18.040 Loading class java/awt/LightweightDispatcher$2
Event: 18.041 Loading class java/awt/LightweightDispatcher$2 done
Event: 18.354 Loading class java/lang/ArrayIndexOutOfBoundsException
Event: 18.354 Loading class java/lang/ArrayIndexOutOfBoundsException done

Classes unloaded (0 events):
No events

Classes redefined (0 events):
No events

Internal exceptions (20 events):
Event: 1.872 Thread 0x000001ab45b27090 Exception <a 'java/lang/ClassNotFoundException'{0x00000007116f19b8}: jdk/net/ExtendedSocketOptions> (0x00000007116f19b8) 
thrown [s\open\src\hotspot\share\classfile\systemDictionary.cpp, line 313]
Event: 1.952 Thread 0x000001ab45b27090 Exception <a 'sun/nio/fs/WindowsException'{0x00000007117d26b0}> (0x00000007117d26b0) 
thrown [s\open\src\hotspot\share\prims\jni.cpp, line 520]
Event: 1.956 Thread 0x000001ab45b27090 Exception <a 'sun/nio/fs/WindowsException'{0x00000007117e3188}> (0x00000007117e3188) 
thrown [s\open\src\hotspot\share\prims\jni.cpp, line 520]
Event: 1.977 Thread 0x000001ab45b27090 Exception <a 'java/lang/NoSuchMethodError'{0x0000000711490bd0}: 'java.lang.Object java.lang.invoke.DirectMethodHandle$Holder.invokeStaticInit(java.lang.Object, int, int, int, int)'> (0x0000000711490bd0) 
thrown [s\open\src\hotspot\share\interpreter\linkResolver.cpp, line 796]
Event: 1.986 Thread 0x000001ab45b27090 Exception <a 'java/lang/NoSuchMethodError'{0x00000007114e2168}: 'java.lang.Object java.lang.invoke.DirectMethodHandle$Holder.invokeStaticInit(java.lang.Object, java.lang.Object, int, int, int, int)'> (0x00000007114e2168) 
thrown [s\open\src\hotspot\share\interpreter\linkResolver.cpp, line 796]
Event: 2.367 Thread 0x000001ab45b27090 Exception <a 'java/lang/NoSuchMethodError'{0x0000000713947608}: 'java.lang.Object java.lang.invoke.DirectMethodHandle$Holder.invokeSpecialIFC(java.lang.Object, java.lang.Object, java.lang.Object, java.lang.Object)'> (0x0000000713947608) 
thrown [s\open\src\hotspot\share\interpreter\linkResolver.cpp, line 796]
Event: 2.375 Thread 0x000001ab45b27090 Exception <a 'java/lang/NoSuchMethodError'{0x00000007139d8cd8}: 'int java.lang.invoke.DirectMethodHandle$Holder.invokeInterface(java.lang.Object, java.lang.Object, int)'> (0x00000007139d8cd8) 
thrown [s\open\src\hotspot\share\interpreter\linkResolver.cpp, line 796]
Event: 2.375 Thread 0x000001ab45b27090 Exception <a 'java/lang/IncompatibleClassChangeError'{0x00000007139dc208}: Found class java.lang.Object, but interface was expected> (0x00000007139dc208) 
thrown [s\open\src\hotspot\share\interpreter\linkResolver.cpp, line 863]
Event: 2.456 Thread 0x000001ab45b27090 Implicit null exception at 0x000001ab708b2b03 to 0x000001ab708b32b8
Event: 2.541 Thread 0x000001ab45b27090 Exception <a 'java/lang/NoSuchMethodError'{0x00000007134ed3e8}: 'java.lang.Object java.lang.invoke.DirectMethodHandle$Holder.invokeStaticInit(java.lang.Object, java.lang.Object, java.lang.Object)'> (0x00000007134ed3e8) 
thrown [s\open\src\hotspot\share\interpreter\linkResolver.cpp, line 796]
Event: 2.665 Thread 0x000001ab45b27090 Implicit null exception at 0x000001ab708bc89d to 0x000001ab708bc968
Event: 2.758 Thread 0x000001ab45b27090 Implicit null exception at 0x000001ab708bf340 to 0x000001ab708c7174
Event: 4.191 Thread 0x000001ab45b27090 Exception <a 'java/lang/NoSuchMethodError'{0x0000000712d5db90}: 'void java.lang.invoke.DirectMethodHandle$Holder.invokeStaticInit(java.lang.Object)'> (0x0000000712d5db90) 
thrown [s\open\src\hotspot\share\interpreter\linkResolver.cpp, line 796]
Event: 4.199 Thread 0x000001ab45b27090 Exception <a 'java/io/FileNotFoundException'{0x0000000712d69280}> (0x0000000712d69280) 
thrown [s\open\src\hotspot\share\prims\jni.cpp, line 520]
Event: 4.211 Thread 0x000001ab45b27090 Exception <a 'sun/nio/fs/WindowsException'{0x0000000712db4a48}> (0x0000000712db4a48) 
thrown [s\open\src\hotspot\share\prims\jni.cpp, line 520]
Event: 4.235 Thread 0x000001ab45b27090 Exception <a 'java/io/FileNotFoundException'{0x0000000712a8e5f0}> (0x0000000712a8e5f0) 
thrown [s\open\src\hotspot\share\prims\jni.cpp, line 520]
Event: 4.241 Thread 0x000001ab45b27090 Exception <a 'java/io/FileNotFoundException'{0x0000000712ac1f80}> (0x0000000712ac1f80) 
thrown [s\open\src\hotspot\share\prims\jni.cpp, line 520]
Event: 6.757 Thread 0x000001ab45b27090 Exception <a 'java/lang/NoSuchMethodError'{0x0000000713a34240}: 'java.lang.Object java.lang.invoke.DirectMethodHandle$Holder.newInvokeSpecial(java.lang.Object, java.lang.Object, java.lang.Object, java.lang.Object, java.lang.Object, java.lang.Object, java.lang.Object, java.lang.Object)'> (0x0000000713a34240) 
thrown [s\open\src\hotspot\share\interpreter\linkResolver.cpp, line 796]
Event: 16.480 Thread 0x000001ab47c683b0 Implicit null exception at 0x000001ab70856550 to 0x000001ab70858da8
Event: 16.504 Thread 0x000001ab45b27090 Exception <a 'java/lang/NoSuchMethodError'{0x0000000713733450}: 'int java.lang.invoke.DirectMethodHandle$Holder.invokeStatic(java.lang.Object)'> (0x0000000713733450) 
thrown [s\open\src\hotspot\share\interpreter\linkResolver.cpp, line 796]

VM Operations (20 events):
Event: 2.466 Executing VM operation: HandshakeAllThreads (Deoptimize)
Event: 2.466 Executing VM operation: HandshakeAllThreads (Deoptimize) done
Event: 4.183 Executing VM operation: HandshakeAllThreads (Deoptimize)
Event: 4.183 Executing VM operation: HandshakeAllThreads (Deoptimize) done
Event: 4.236 Executing VM operation: HandshakeAllThreads (Deoptimize)
Event: 4.236 Executing VM operation: HandshakeAllThreads (Deoptimize) done
Event: 4.343 Executing VM operation: HandshakeAllThreads (Deoptimize)
Event: 4.343 Executing VM operation: HandshakeAllThreads (Deoptimize) done
Event: 6.317 Executing VM operation: CollectForMetadataAllocation (Metadata GC Threshold)
Event: 6.320 Executing VM operation: CollectForMetadataAllocation (Metadata GC Threshold) done
Event: 6.324 Executing VM operation: G1PauseRemark
Event: 6.326 Executing VM operation: G1PauseRemark done
Event: 6.327 Executing VM operation: G1PauseCleanup
Event: 6.327 Executing VM operation: G1PauseCleanup done
Event: 16.479 Executing VM operation: HandshakeAllThreads (Deoptimize)
Event: 16.479 Executing VM operation: HandshakeAllThreads (Deoptimize) done
Event: 60.182 Executing VM operation: HandshakeAllThreads (HandshakeForDeflation)
Event: 60.182 Executing VM operation: HandshakeAllThreads (HandshakeForDeflation) done
Event: 60.182 Executing VM operation: RendezvousGCThreads
Event: 60.182 Executing VM operation: RendezvousGCThreads done

Memory protections (0 events):
No events

Nmethod flushes (0 events):
No events

Events (20 events):
Event: 0.830 Thread 0x000001ab5e1345a0 Thread added: 0x000001ab45de74f0
Event: 0.831 Thread 0x000001ab5e1345a0 Thread added: 0x000001ab45de8470
Event: 0.840 Thread 0x000001ab5e1345a0 Thread added: 0x000001ab45b27090
Event: 0.840 Thread 0x000001ab5e1345a0 Thread exited: 0x000001ab5e1345a0
Event: 0.840 Thread 0x000001ab5e1345a0 Thread added: 0x000001ab5e1345a0
Event: 0.940 Thread 0x000001ab45b27090 Thread added: 0x000001ab45e19750
Event: 1.055 Thread 0x000001ab45b27090 Thread added: 0x000001ab45fcf0c0
Event: 1.388 Thread 0x000001ab451c7010 Thread exited: 0x000001ab451c7010
Event: 1.914 Thread 0x000001ab451c6940 Thread exited: 0x000001ab451c6940
Event: 2.014 Thread 0x000001ab450315c0 Thread added: 0x000001ab451c8480
Event: 2.014 Thread 0x000001ab450315c0 Thread added: 0x000001ab451c7db0
Event: 2.542 Thread 0x000001ab45b27090 Thread added: 0x000001ab47dce390
Event: 3.290 Thread 0x000001ab451c7db0 Thread exited: 0x000001ab451c7db0
Event: 3.290 Thread 0x000001ab451c8480 Thread exited: 0x000001ab451c8480
Event: 7.396 Thread 0x000001ab45b27090 Thread added: 0x000001ab47c67d20
Event: 8.541 Thread 0x000001ab45fcf0c0 Thread exited: 0x000001ab45fcf0c0
Event: 8.550 Thread 0x000001ab45e19750 Thread exited: 0x000001ab45e19750
Event: 16.480 Thread 0x000001ab45b27090 Thread added: 0x000001ab47c683b0
Event: 23.552 Thread 0x000001ab47c683b0 Thread exited: 0x000001ab47c683b0
Event: 32.542 Thread 0x000001ab47dce390 Thread exited: 0x000001ab47dce390


Dynamic libraries:
0x00007ff62ffc0000 - 0x00007ff62ffd0000 	C:\Program Files\Java\jdk-23\bin\javaw.exe
0x00007ffa25cc0000 - 0x00007ffa25f20000 	C:\WINDOWS\SYSTEM32\ntdll.dll
0x00007ffa25330000 - 0x00007ffa253f7000 	C:\WINDOWS\System32\KERNEL32.DLL
0x00007ffa23350000 - 0x00007ffa2371a000 	C:\WINDOWS\System32\KERNELBASE.dll
0x00007ffa23200000 - 0x00007ffa2334b000 	C:\WINDOWS\System32\ucrtbase.dll
0x00007ffa10930000 - 0x00007ffa1094b000 	C:\Program Files\Java\jdk-23\bin\VCRUNTIME140.dll
0x00007ffa12160000 - 0x00007ffa12177000 	C:\Program Files\Java\jdk-23\bin\jli.dll
0x00007ffa245d0000 - 0x00007ffa2479c000 	C:\WINDOWS\System32\USER32.dll
0x00007ffa23140000 - 0x00007ffa23167000 	C:\WINDOWS\System32\win32u.dll
0x00007ffa23c00000 - 0x00007ffa23c2a000 	C:\WINDOWS\System32\GDI32.dll
0x00007ffa22f60000 - 0x00007ffa23091000 	C:\WINDOWS\System32\gdi32full.dll
0x00007ffa23720000 - 0x00007ffa237c3000 	C:\WINDOWS\System32\msvcp_win.dll
0x00007ffa07b30000 - 0x00007ffa07dc7000 	C:\WINDOWS\WinSxS\amd64_microsoft.windows.common-controls_6595b64144ccf1df_6.0.26100.3624_none_3e086962e3345f24\COMCTL32.dll
0x00007ffa24b50000 - 0x00007ffa24bf9000 	C:\WINDOWS\System32\msvcrt.dll
0x00007ffa23ac0000 - 0x00007ffa23aef000 	C:\WINDOWS\System32\IMM32.DLL
0x00007ffa1af40000 - 0x00007ffa1af4c000 	C:\Program Files\Java\jdk-23\bin\vcruntime140_1.dll
0x00007ff9de940000 - 0x00007ff9de9ce000 	C:\Program Files\Java\jdk-23\bin\msvcp140.dll
0x00007ff97e960000 - 0x00007ff97f6b0000 	C:\Program Files\Java\jdk-23\bin\server\jvm.dll
0x00007ffa25500000 - 0x00007ffa255b2000 	C:\WINDOWS\System32\ADVAPI32.dll
0x00007ffa25b50000 - 0x00007ffa25bf6000 	C:\WINDOWS\System32\sechost.dll
0x00007ffa23cb0000 - 0x00007ffa23dc6000 	C:\WINDOWS\System32\RPCRT4.dll
0x00007ffa247a0000 - 0x00007ffa24814000 	C:\WINDOWS\System32\WS2_32.dll
0x00007ffa22cf0000 - 0x00007ffa22d4e000 	C:\WINDOWS\SYSTEM32\POWRPROF.dll
0x00007ffa17df0000 - 0x00007ffa17e26000 	C:\WINDOWS\SYSTEM32\WINMM.dll
0x00007ffa11d70000 - 0x00007ffa11d7b000 	C:\WINDOWS\SYSTEM32\VERSION.dll
0x00007ffa22cd0000 - 0x00007ffa22ce4000 	C:\WINDOWS\SYSTEM32\UMPDC.dll
0x00007ffa21cb0000 - 0x00007ffa21cca000 	C:\WINDOWS\SYSTEM32\kernel.appcore.dll
0x00007ffa0f300000 - 0x00007ffa0f30a000 	C:\Program Files\Java\jdk-23\bin\jimage.dll
0x00007ffa206a0000 - 0x00007ffa208e1000 	C:\WINDOWS\SYSTEM32\DBGHELP.DLL
0x00007ffa255e0000 - 0x00007ffa25962000 	C:\WINDOWS\System32\combase.dll
0x00007ffa24a70000 - 0x00007ffa24b46000 	C:\WINDOWS\System32\OLEAUT32.dll
0x00007ffa02c80000 - 0x00007ffa02cb9000 	C:\WINDOWS\SYSTEM32\dbgcore.DLL
0x00007ffa230a0000 - 0x00007ffa23139000 	C:\WINDOWS\System32\bcryptPrimitives.dll
0x00007ffa0f130000 - 0x00007ffa0f14e000 	C:\Program Files\Java\jdk-23\bin\java.dll
0x00007ffa24c00000 - 0x00007ffa24d96000 	C:\WINDOWS\System32\ole32.dll
0x00007ffa23e30000 - 0x00007ffa24559000 	C:\WINDOWS\System32\SHELL32.dll
0x00007ffa23950000 - 0x00007ffa23ab8000 	C:\WINDOWS\System32\wintypes.dll
0x00007ffa20b60000 - 0x00007ffa213b2000 	C:\WINDOWS\SYSTEM32\windows.storage.dll
0x00007ffa24980000 - 0x00007ffa24a6d000 	C:\WINDOWS\System32\SHCORE.dll
0x00007ffa24560000 - 0x00007ffa245c4000 	C:\WINDOWS\System32\shlwapi.dll
0x00007ffa22db0000 - 0x00007ffa22ddf000 	C:\WINDOWS\SYSTEM32\profapi.dll
0x00007ff9c3570000 - 0x00007ff9c3647000 	C:\Program Files\Java\jdk-23\bin\jsvml.dll
0x00007ffa0f2f0000 - 0x00007ffa0f300000 	C:\Program Files\Java\jdk-23\bin\net.dll
0x00007ffa221d0000 - 0x00007ffa2223a000 	C:\WINDOWS\system32\mswsock.dll
0x00007ffa0ef40000 - 0x00007ffa0ef56000 	C:\Program Files\Java\jdk-23\bin\nio.dll
0x00007ffa0ef20000 - 0x00007ffa0ef37000 	C:\Program Files\Java\jdk-23\bin\zip.dll
0x00007ff9c0da0000 - 0x00007ff9c0f2e000 	C:\Program Files\Java\jdk-23\bin\awt.dll
0x00007ffa1d4c0000 - 0x00007ffa1d55c000 	C:\WINDOWS\SYSTEM32\apphelp.dll
0x00007ffa1fb80000 - 0x00007ffa1fc2e000 	C:\WINDOWS\system32\uxtheme.dll
0x00007ffa24820000 - 0x00007ffa2497d000 	C:\WINDOWS\System32\MSCTF.dll
0x00007ffa1fea0000 - 0x00007ffa1fed6000 	C:\WINDOWS\system32\DWMAPI.DLL
0x00007ffa0a250000 - 0x00007ffa0a35c000 	C:\WINDOWS\system32\opengl32.dll
0x00007ffa0d4b0000 - 0x00007ffa0d4dd000 	C:\WINDOWS\SYSTEM32\GLU32.dll
0x00007ffa1fc80000 - 0x00007ffa1fcc7000 	C:\WINDOWS\SYSTEM32\dxcore.dll
0x00007ffa217d0000 - 0x00007ffa218f5000 	C:\WINDOWS\SYSTEM32\DNSAPI.dll
0x00007ffa21790000 - 0x00007ffa217c3000 	C:\WINDOWS\SYSTEM32\IPHLPAPI.DLL
0x00007ffa255d0000 - 0x00007ffa255da000 	C:\WINDOWS\System32\NSI.dll
0x00007ffa133b0000 - 0x00007ffa133bb000 	C:\Windows\System32\rasadhlp.dll
0x00007ffa19a60000 - 0x00007ffa19ae5000 	C:\WINDOWS\System32\fwpuclnt.dll
0x00007ffa0ee70000 - 0x00007ffa0ee7a000 	C:\Program Files\Java\jdk-23\bin\management.dll
0x00007ffa0d670000 - 0x00007ffa0d67b000 	C:\Program Files\Java\jdk-23\bin\management_ext.dll
0x00007ffa25430000 - 0x00007ffa25438000 	C:\WINDOWS\System32\PSAPI.DLL
0x00007ffa22470000 - 0x00007ffa2248c000 	C:\WINDOWS\SYSTEM32\CRYPTSP.dll
0x00007ffa21c10000 - 0x00007ffa21c4a000 	C:\WINDOWS\system32\rsaenh.dll
0x00007ffa22270000 - 0x00007ffa2229b000 	C:\WINDOWS\SYSTEM32\USERENV.dll
0x00007ffa22d80000 - 0x00007ffa22da6000 	C:\WINDOWS\SYSTEM32\bcrypt.dll
0x00007ffa22490000 - 0x00007ffa2249c000 	C:\WINDOWS\SYSTEM32\CRYPTBASE.dll
0x00007ffa0f1e0000 - 0x00007ffa0f1f0000 	C:\Program Files\Java\jdk-23\bin\verify.dll
0x00007ffa0f040000 - 0x00007ffa0f04e000 	C:\Program Files\Java\jdk-23\bin\sunmscapi.dll
0x00007ffa237d0000 - 0x00007ffa23947000 	C:\WINDOWS\System32\CRYPT32.dll
0x00007ffa22670000 - 0x00007ffa226a0000 	C:\WINDOWS\SYSTEM32\ncrypt.dll
0x00007ffa22620000 - 0x00007ffa2265f000 	C:\WINDOWS\SYSTEM32\NTASN1.dll
0x00007ff9c1d60000 - 0x00007ff9c1de7000 	C:\Program Files\Java\jdk-23\bin\freetype.dll
0x00007ff9c19f0000 - 0x00007ff9c1ac7000 	C:\Program Files\Java\jdk-23\bin\fontmanager.dll
0x00007ffa0ebb0000 - 0x00007ffa0ecf9000 	C:\WINDOWS\SYSTEM32\textinputframework.dll
0x00007ffa1cf20000 - 0x00007ffa1d046000 	C:\WINDOWS\SYSTEM32\CoreMessaging.dll
0x00007ffa1a900000 - 0x00007ffa1abe3000 	C:\WINDOWS\SYSTEM32\CoreUIComponents.dll
0x00007ffa25440000 - 0x00007ffa254e8000 	C:\WINDOWS\System32\clbcatq.dll
0x00007ffa1bb20000 - 0x00007ffa1bd4e000 	C:\WINDOWS\SYSTEM32\WindowsCodecs.dll
0x00007ff9e8f40000 - 0x00007ff9e8f9a000 	C:\WINDOWS\system32\dataexchange.dll
0x00007ffa11820000 - 0x00007ffa11a5b000 	C:\WINDOWS\system32\twinapi.appcore.dll

dbghelp: loaded successfully - version: 4.0.5 - missing functions: none
symbol engine: initialized successfully - sym options: 0x614 - pdb path: .;C:\Program Files\Java\jdk-23\bin;C:\WINDOWS\SYSTEM32;C:\WINDOWS\WinSxS\amd64_microsoft.windows.common-controls_6595b64144ccf1df_6.0.26100.3624_none_3e086962e3345f24;C:\Program Files\Java\jdk-23\bin\server

VM Arguments:
jvm_args: -Dfile.encoding=UTF-8 -Dstdout.encoding=UTF-8 -Dstderr.encoding=UTF-8 --module-path=D:\JAVA\QUANLYLOPHOC\bin;C:\Users\DELL\Downloads\jcalendar-1.4.jar;C:\Users\DELL\Downloads\LGoodDatePicker-11.2.1.jar;C:\Users\DELL\Downloads\postgresql-42.7.5.jar;C:\Users\DELL\Downloads\poi-ooxml-5.2.3.jar;C:\Users\DELL\Downloads\poi-bin-5.2.3-20220909\poi-bin-5.2.3\poi-5.2.3.jar;C:\Users\DELL\Downloads\poi-bin-5.2.3-20220909\poi-bin-5.2.3\poi-examples-5.2.3.jar;C:\Users\DELL\Downloads\poi-bin-5.2.3-20220909\poi-bin-5.2.3\poi-excelant-5.2.3.jar;C:\Users\DELL\Downloads\poi-bin-5.2.3-20220909\poi-bin-5.2.3\poi-javadoc-5.2.3.jar;C:\Users\DELL\Downloads\poi-bin-5.2.3-20220909\poi-bin-5.2.3\poi-ooxml-5.2.3.jar;C:\Users\DELL\Downloads\poi-bin-5.2.3-20220909\poi-bin-5.2.3\poi-ooxml-full-5.2.3.jar;C:\Users\DELL\Downloads\poi-bin-5.2.3-20220909\poi-bin-5.2.3\poi-ooxml-lite-5.2.3.jar;C:\Users\DELL\Downloads\poi-bin-5.2.3-20220909\poi-bin-5.2.3\poi-scratchpad-5.2.3.jar;C:\Users\DELL\Downloads\poi-bin-5.2.3-20220909\poi-bin-5.2.3\auxiliary\batik-constants-1.14.jar;C:\Users\DELL\Downloads\poi-bin-5.2.3-20220909\poi-bin-5.2.3\auxiliary\batik-ext-1.14.jar;C:\Users\DELL\Downloads\poi-bin-5.2.3-20220909\poi-bin-5.2.3\auxiliary\batik-i18n-1.14.jar;C:\Users\DELL\Downloads\poi-bin-5.2.3-20220909\poi-bin-5.2.3\auxiliary\batik-shared-resources-1.14.jar;C:\Users\DELL\Downloads\poi-bin-5.2.3-20220909\poi-bin-5.2.3\auxiliary\batik-util-1.14.jar;C:\Users\DELL\Downloads\poi-bin-5.2.3-20220909\poi-bin-5.2.3\auxiliary\batik-xml-1.14.jar;C:\Users\DELL\Downloads\poi-bin-5.2.3-20220909\poi-bin-5.2.3\auxiliary\bcpkix-jdk15on-1.70.jar;C:\Users\DELL\Downloads\poi-bin-5.2.3-20220909\poi-bin-5.2.3\auxiliary\bcprov-jdk15on-1.70.jar;C:\Users\DELL\Downloads\poi-bin-5.2.3-20220909\poi-bin-5.2.3\auxiliary\bcutil-jdk15on-1.70.jar;C:\Users\DELL\Downloads\poi-bin-5.2.3-20220909\poi-bin-5.2.3\auxiliary\fontbox-2.0.26.jar;C:\Users\DELL\Downloads\poi-bin-5.2.3-20220909\poi-bin-5.2.3\auxiliary\graphics2d-0.40.jar;C:\Users\DELL\Downloads\poi-bin-5.2.3-20220909\poi-bin-5.2.3\auxiliary\pdfbox-2.0.26.-XX:+ShowCodeDetailsInExceptionMessages -Djdk.module.main=QUANLYLOPHOC 
java_command: QUANLYLOPHOC/QuanLyLopHoc.TrangChu
java_class_path (initial): <not set>
Launcher Type: SUN_STANDARD

[Global flags]
     intx CICompilerCount                          = 4                                         {product} {ergonomic}
     uint ConcGCThreads                            = 2                                         {product} {ergonomic}
     uint G1ConcRefinementThreads                  = 8                                         {product} {ergonomic}
   size_t G1HeapRegionSize                         = 2097152                                   {product} {ergonomic}
   size_t InitialHeapSize                          = 264241152                                 {product} {ergonomic}
   size_t MarkStackSize                            = 4194304                                   {product} {ergonomic}
   size_t MarkStackSizeMax                         = 536870912                                 {product} {ergonomic}
   size_t MaxHeapSize                              = 4227858432                                {product} {ergonomic}
   size_t MaxNewSize                               = 2535456768                                {product} {ergonomic}
   size_t MinHeapDeltaBytes                        = 2097152                                   {product} {ergonomic}
   size_t MinHeapSize                              = 8388608                                   {product} {ergonomic}
    uintx NonNMethodCodeHeapSize                   = 5832704                                {pd product} {ergonomic}
    uintx NonProfiledCodeHeapSize                  = 122945536                              {pd product} {ergonomic}
    uintx ProfiledCodeHeapSize                     = 122880000                              {pd product} {ergonomic}
    uintx ReservedCodeCacheSize                    = 251658240                              {pd product} {ergonomic}
     bool SegmentedCodeCache                       = true                                      {product} {ergonomic}
     bool ShowCodeDetailsInExceptionMessages       = true                                   {manageable} {command line}
   size_t SoftMaxHeapSize                          = 4227858432                             {manageable} {ergonomic}
     bool UseCompressedOops                        = true                           {product lp64_product} {ergonomic}
     bool UseG1GC                                  = true                                      {product} {ergonomic}
     bool UseLargePagesIndividualAllocation        = false                                  {pd product} {ergonomic}

Logging:
Log output configuration:
 #0: stdout all=warning uptime,level,tags foldmultilines=false
 #1: stderr all=off uptime,level,tags foldmultilines=false

Environment Variables:
PATH=C:\Program Files\Common Files\Oracle\Java\javapath;D:\App\oracle\product\19c\db_home\bin;D:\app\oracle\product\19c\db_home1\bin;C:\Apps\oracle\product\19c\db_home1\bin;C:\Program Files (x86)\VMware\VMware Workstation\bin\;C:\WINDOWS\system32;C:\WINDOWS;C:\WINDOWS\System32\Wbem;C:\WINDOWS\System32\WindowsPowerShell\v1.0\;C:\WINDOWS\System32\OpenSSH\;C:\Program Files\dotnet\;C:\Program Files (x86)\Microsoft SQL Server\160\Tools\Binn\;C:\Program Files\Microsoft SQL Server\160\Tools\Binn\;C:\Program Files\Microsoft SQL Server\Client SDK\ODBC\170\Tools\Binn\;C:\Program Files\Microsoft SQL Server\160\DTS\Binn\;C:\Program Files\Azure Data Studio\bin;C:\Program Files (x86)\Microsoft SQL Server\150\Tools\Binn\;C:\Program Files\Microsoft SQL Server\150\Tools\Binn\;C:\Program Files\Microsoft SQL Server\150\DTS\Binn\;C:\Program Files (x86)\Microsoft SQL Server\160\DTS\Binn\;C:\WINDOWS\system32;C:\WINDOWS;C:\WINDOWS\System32\Wbem;C:\WINDOWS\System32\WindowsPowerShell\v1.0\;C:\WINDOWS\System32\OpenSSH\;C:\Program Files\Java\jdk-23\bin;C:\Program Files\PuTTY\;C:\Program Files\Git\cmd;C:\gcc-14.2.0\bin;C:\Program Files (x86)\STMicroelectronics\STM32 ST-LINK Utility\ST-LINK Utility;C:\Users\DELL\AppData\Local\Microsoft\WindowsApps;;C:\Users\DELL\AppData\Local\Programs\Microsoft VS Code\bin;C:\Users\DELL\.dotnet\tools;C:\Program Files\Azure Data Studio\bin
USERNAME=DELL
OS=Windows_NT
PROCESSOR_IDENTIFIER=Intel64 Family 6 Model 140 Stepping 2, GenuineIntel
TMP=C:\Users\DELL\AppData\Local\Temp
TEMP=C:\Users\DELL\AppData\Local\Temp




Periodic native trim disabled

---------------  S Y S T E M  ---------------

OS:
 Windows 11 , 64 bit Build 26100 (10.0.26100.3775)
OS uptime: 0 days 19:48 hours

CPU: total 8 (initial active 8) (4 cores per cpu, 2 threads per core) family 6 model 140 stepping 2 microcode 0x16, cx8, cmov, fxsr, ht, mmx, 3dnowpref, sse, sse2, sse3, ssse3, sse4.1, sse4.2, popcnt, lzcnt, tsc, tscinvbit, avx, avx2, aes, erms, clmul, bmi1, bmi2, adx, avx512f, avx512dq, avx512cd, avx512bw, avx512vl, sha, fma, vzeroupper, avx512_vpopcntdq, avx512_vpclmulqdq, avx512_vaes, avx512_vnni, clflush, clflushopt, clwb, avx512_vbmi2, avx512_vbmi, rdtscp, rdpid, fsrm, gfni, avx512_bitalg, f16c, pku, cet_ibt, cet_ss, avx512_ifma
Processor Information for the first 8 processors :
  Max Mhz: 2496, Current Mhz: 2496, Mhz Limit: 2496

Memory: 4k page, system-wide physical 16122M (6102M free)
TotalPageFile size 23290M (AvailPageFile size 8874M)
current process WorkingSet (physical memory assigned to process): 255M, peak: 263M
current process commit charge ("private bytes"): 388M, peak: 402M

vm_info: Java HotSpot(TM) 64-Bit Server VM (23.0.2+7-58) for windows-amd64 JRE (23.0.2+7-58), built on 2024-11-29T09:34:55Z with MS VC++ 17.6 (VS2022)

END.
